{"/home/travis/build/npmtest/node-npmtest-osc/test.js":{"path":"/home/travis/build/npmtest/node-npmtest-osc/test.js","s":{"1":2,"2":2,"3":2,"4":2,"5":2,"6":2,"7":2,"8":1,"9":2,"10":2,"11":1,"12":1,"13":1,"14":1,"15":2,"16":2,"17":2,"18":2,"19":1,"20":1,"21":2,"22":2,"23":2,"24":1,"25":1,"26":1,"27":1,"28":1,"29":1,"30":1,"31":1,"32":1,"33":1,"34":1,"35":1,"36":1,"37":1,"38":1,"39":2,"40":2,"41":1,"42":2,"43":2,"44":1,"45":2,"46":2,"47":1,"48":2,"49":2,"50":1,"51":1,"52":1,"53":1,"54":1},"b":{"1":[2,1,1,1],"2":[1,1,1,1],"3":[1,1],"4":[1,1],"5":[1,1],"6":[1,1],"7":[1,1],"8":[1,1],"9":[1,1],"10":[1,1,1],"11":[1,1],"12":[1,1],"13":[1,1],"14":[1,1],"15":[1,1],"16":[1,1],"17":[1,1]},"f":{"1":2,"2":2,"3":2,"4":2,"5":2,"6":1,"7":1,"8":1,"9":2,"10":2,"11":2,"12":2,"13":1},"fnMap":{"1":{"name":"(anonymous_1)","line":12,"loc":{"start":{"line":12,"column":1},"end":{"line":12,"column":13}}},"2":{"name":"(anonymous_2)","line":19,"loc":{"start":{"line":19,"column":5},"end":{"line":19,"column":17}}},"3":{"name":"(anonymous_3)","line":23,"loc":{"start":{"line":23,"column":24},"end":{"line":23,"column":36}}},"4":{"name":"(anonymous_4)","line":61,"loc":{"start":{"line":61,"column":5},"end":{"line":61,"column":17}}},"5":{"name":"(anonymous_5)","line":82,"loc":{"start":{"line":82,"column":5},"end":{"line":82,"column":17}}},"6":{"name":"(anonymous_6)","line":91,"loc":{"start":{"line":91,"column":77},"end":{"line":94,"column":10}}},"7":{"name":"(anonymous_7)","line":112,"loc":{"start":{"line":112,"column":83},"end":{"line":115,"column":10}},"skip":true},"8":{"name":"(anonymous_8)","line":123,"loc":{"start":{"line":123,"column":77},"end":{"line":126,"column":10}},"skip":true},"9":{"name":"(anonymous_9)","line":139,"loc":{"start":{"line":139,"column":12},"end":{"line":139,"column":40}},"skip":true},"10":{"name":"(anonymous_10)","line":147,"loc":{"start":{"line":147,"column":77},"end":{"line":150,"column":10}},"skip":true},"11":{"name":"(anonymous_11)","line":158,"loc":{"start":{"line":158,"column":83},"end":{"line":161,"column":10}},"skip":true},"12":{"name":"(anonymous_12)","line":169,"loc":{"start":{"line":169,"column":79},"end":{"line":172,"column":10}},"skip":true},"13":{"name":"(anonymous_13)","line":180,"loc":{"start":{"line":180,"column":75},"end":{"line":183,"column":10}},"skip":true}},"statementMap":{"1":{"start":{"line":12,"column":0},"end":{"line":195,"column":5}},"2":{"start":{"line":14,"column":4},"end":{"line":14,"column":14}},"3":{"start":{"line":19,"column":4},"end":{"line":56,"column":9}},"4":{"start":{"line":21,"column":8},"end":{"line":21,"column":19}},"5":{"start":{"line":23,"column":8},"end":{"line":35,"column":13}},"6":{"start":{"line":24,"column":12},"end":{"line":34,"column":13}},"7":{"start":{"line":25,"column":16},"end":{"line":28,"column":30}},"8":{"start":{"line":30,"column":16},"end":{"line":33,"column":27}},"9":{"start":{"line":37,"column":8},"end":{"line":39,"column":21}},"10":{"start":{"line":40,"column":8},"end":{"line":53,"column":9}},"11":{"start":{"line":43,"column":12},"end":{"line":46,"column":14}},"12":{"start":{"line":47,"column":12},"end":{"line":47,"column":18}},"13":{"start":{"line":50,"column":12},"end":{"line":51,"column":33}},"14":{"start":{"line":52,"column":12},"end":{"line":52,"column":18}},"15":{"start":{"line":55,"column":8},"end":{"line":55,"column":35}},"16":{"start":{"line":61,"column":4},"end":{"line":63,"column":9}},"17":{"start":{"line":62,"column":8},"end":{"line":62,"column":15}},"18":{"start":{"line":64,"column":4},"end":{"line":77,"column":5}},"19":{"start":{"line":70,"column":8},"end":{"line":70,"column":14}},"20":{"start":{"line":76,"column":8},"end":{"line":76,"column":14}},"21":{"start":{"line":82,"column":4},"end":{"line":84,"column":9}},"22":{"start":{"line":83,"column":8},"end":{"line":83,"column":15}},"23":{"start":{"line":85,"column":4},"end":{"line":194,"column":5}},"24":{"start":{"line":91,"column":8},"end":{"line":99,"column":10}},"25":{"start":{"line":98,"column":12},"end":{"line":98,"column":35}},"26":{"start":{"line":102,"column":8},"end":{"line":104,"column":63}},"27":{"start":{"line":105,"column":8},"end":{"line":105,"column":14}},"28":{"start":{"line":112,"column":8},"end":{"line":121,"column":10},"skip":true},"29":{"start":{"line":119,"column":12},"end":{"line":119,"column":55},"skip":true},"30":{"start":{"line":120,"column":12},"end":{"line":120,"column":48},"skip":true},"31":{"start":{"line":123,"column":8},"end":{"line":136,"column":10},"skip":true},"32":{"start":{"line":130,"column":12},"end":{"line":130,"column":76},"skip":true},"33":{"start":{"line":131,"column":12},"end":{"line":131,"column":73},"skip":true},"34":{"start":{"line":132,"column":12},"end":{"line":132,"column":74},"skip":true},"35":{"start":{"line":133,"column":12},"end":{"line":133,"column":79},"skip":true},"36":{"start":{"line":134,"column":12},"end":{"line":134,"column":25},"skip":true},"37":{"start":{"line":135,"column":12},"end":{"line":135,"column":45},"skip":true},"38":{"start":{"line":138,"column":8},"end":{"line":145,"column":14},"skip":true},"39":{"start":{"line":143,"column":16},"end":{"line":143,"column":29},"skip":true},"40":{"start":{"line":144,"column":16},"end":{"line":144,"column":55},"skip":true},"41":{"start":{"line":147,"column":8},"end":{"line":156,"column":10},"skip":true},"42":{"start":{"line":154,"column":12},"end":{"line":154,"column":25},"skip":true},"43":{"start":{"line":155,"column":12},"end":{"line":155,"column":45},"skip":true},"44":{"start":{"line":158,"column":8},"end":{"line":167,"column":10},"skip":true},"45":{"start":{"line":165,"column":12},"end":{"line":165,"column":25},"skip":true},"46":{"start":{"line":166,"column":12},"end":{"line":166,"column":48},"skip":true},"47":{"start":{"line":169,"column":8},"end":{"line":178,"column":10},"skip":true},"48":{"start":{"line":176,"column":12},"end":{"line":176,"column":25},"skip":true},"49":{"start":{"line":177,"column":12},"end":{"line":177,"column":46},"skip":true},"50":{"start":{"line":180,"column":8},"end":{"line":189,"column":10},"skip":true},"51":{"start":{"line":187,"column":12},"end":{"line":187,"column":94},"skip":true},"52":{"start":{"line":188,"column":12},"end":{"line":188,"column":48},"skip":true},"53":{"start":{"line":192,"column":8},"end":{"line":192,"column":35},"skip":true},"54":{"start":{"line":193,"column":8},"end":{"line":193,"column":14},"skip":true}},"branchMap":{"1":{"line":25,"type":"binary-expr","locations":[{"start":{"line":25,"column":23},"end":{"line":25,"column":62}},{"start":{"line":26,"column":20},"end":{"line":26,"column":70}},{"start":{"line":27,"column":20},"end":{"line":27,"column":71}},{"start":{"line":28,"column":20},"end":{"line":28,"column":29}}]},"2":{"line":30,"type":"binary-expr","locations":[{"start":{"line":30,"column":23},"end":{"line":30,"column":37}},{"start":{"line":31,"column":20},"end":{"line":31,"column":61}},{"start":{"line":32,"column":20},"end":{"line":32,"column":70}},{"start":{"line":33,"column":20},"end":{"line":33,"column":26}}]},"3":{"line":37,"type":"cond-expr","locations":[{"start":{"line":38,"column":14},"end":{"line":38,"column":20}},{"start":{"line":39,"column":14},"end":{"line":39,"column":20}}]},"4":{"line":40,"type":"switch","locations":[{"start":{"line":42,"column":8},"end":{"line":47,"column":18}},{"start":{"line":49,"column":8},"end":{"line":52,"column":18}}]},"5":{"line":44,"type":"binary-expr","locations":[{"start":{"line":44,"column":16},"end":{"line":44,"column":44}},{"start":{"line":44,"column":48},"end":{"line":44,"column":66}}]},"6":{"line":50,"type":"binary-expr","locations":[{"start":{"line":50,"column":21},"end":{"line":50,"column":49}},{"start":{"line":50,"column":53},"end":{"line":50,"column":72}}]},"7":{"line":64,"type":"switch","locations":[{"start":{"line":69,"column":4},"end":{"line":70,"column":14}},{"start":{"line":75,"column":4},"end":{"line":76,"column":14}}]},"8":{"line":85,"type":"switch","locations":[{"start":{"line":90,"column":4},"end":{"line":105,"column":14}},{"start":{"line":111,"column":4},"end":{"line":193,"column":14},"skip":true}]},"9":{"line":91,"type":"binary-expr","locations":[{"start":{"line":91,"column":42},"end":{"line":91,"column":73}},{"start":{"line":91,"column":77},"end":{"line":99,"column":9}}]},"10":{"line":102,"type":"binary-expr","locations":[{"start":{"line":102,"column":18},"end":{"line":102,"column":32}},{"start":{"line":103,"column":12},"end":{"line":103,"column":53}},{"start":{"line":104,"column":12},"end":{"line":104,"column":61}}]},"11":{"line":112,"type":"binary-expr","locations":[{"start":{"line":112,"column":45},"end":{"line":112,"column":79},"skip":true},{"start":{"line":112,"column":83},"end":{"line":121,"column":9},"skip":true}]},"12":{"line":123,"type":"binary-expr","locations":[{"start":{"line":123,"column":42},"end":{"line":123,"column":73},"skip":true},{"start":{"line":123,"column":77},"end":{"line":136,"column":9},"skip":true}]},"13":{"line":138,"type":"binary-expr","locations":[{"start":{"line":138,"column":48},"end":{"line":138,"column":85},"skip":true},{"start":{"line":139,"column":12},"end":{"line":145,"column":13},"skip":true}]},"14":{"line":147,"type":"binary-expr","locations":[{"start":{"line":147,"column":42},"end":{"line":147,"column":73},"skip":true},{"start":{"line":147,"column":77},"end":{"line":156,"column":9},"skip":true}]},"15":{"line":158,"type":"binary-expr","locations":[{"start":{"line":158,"column":45},"end":{"line":158,"column":79},"skip":true},{"start":{"line":158,"column":83},"end":{"line":167,"column":9},"skip":true}]},"16":{"line":169,"type":"binary-expr","locations":[{"start":{"line":169,"column":43},"end":{"line":169,"column":75},"skip":true},{"start":{"line":169,"column":79},"end":{"line":178,"column":9},"skip":true}]},"17":{"line":180,"type":"binary-expr","locations":[{"start":{"line":180,"column":41},"end":{"line":180,"column":71},"skip":true},{"start":{"line":180,"column":75},"end":{"line":189,"column":9},"skip":true}]}},"code":["/* istanbul instrument in package npmtest_osc */","/*jslint","    bitwise: true,","    browser: true,","    maxerr: 8,","    maxlen: 96,","    node: true,","    nomen: true,","    regexp: true,","    stupid: true","*/","(function () {","    'use strict';","    var local;","","","","    // run shared js-env code - init-before","    (function () {","        // init local","        local = {};","        // init modeJs","        local.modeJs = (function () {","            try {","                return typeof navigator.userAgent === 'string' &&","                    typeof document.querySelector('body') === 'object' &&","                    typeof XMLHttpRequest.prototype.open === 'function' &&","                    'browser';","            } catch (errorCaughtBrowser) {","                return module.exports &&","                    typeof process.versions.node === 'string' &&","                    typeof require('http').createServer === 'function' &&","                    'node';","            }","        }());","        // init global","        local.global = local.modeJs === 'browser'","            ? window","            : global;","        switch (local.modeJs) {","        // re-init local from window.local","        case 'browser':","            local = local.global.utility2.objectSetDefault(","                local.global.utility2_rollup || local.global.local,","                local.global.utility2","            );","            break;","        // re-init local from example.js","        case 'node':","            local = (local.global.utility2_rollup || require('utility2'))","                .requireReadme();","            break;","        }","        // export local","        local.global.local = local;","    }());","","","","    // run shared js-env code - function","    (function () {","        return;","    }());","    switch (local.modeJs) {","","","","    // run browser js-env code - function","    case 'browser':","        break;","","","","    // run node js-env code - function","    case 'node':","        break;","    }","","","","    // run shared js-env code - init-after","    (function () {","        return;","    }());","    switch (local.modeJs) {","","","","    // run browser js-env code - init-after","    case 'browser':","        local.testCase_browser_nullCase = local.testCase_browser_nullCase || function (","            options,","            onError","        ) {","        /*","         * this function will test browsers's null-case handling-behavior-behavior","         */","            onError(null, options);","        };","","        // run tests","        local.nop(local.modeTest &&","            document.querySelector('#testRunButton1') &&","            document.querySelector('#testRunButton1').click());","        break;","","","","    // run node js-env code - init-after","    /* istanbul ignore next */","    case 'node':","        local.testCase_buildApidoc_default = local.testCase_buildApidoc_default || function (","            options,","            onError","        ) {","        /*","         * this function will test buildApidoc's default handling-behavior-behavior","         */","            options = { modulePathList: module.paths };","            local.buildApidoc(options, onError);","        };","","        local.testCase_buildApp_default = local.testCase_buildApp_default || function (","            options,","            onError","        ) {","        /*","         * this function will test buildApp's default handling-behavior-behavior","         */","            local.testCase_buildReadme_default(options, local.onErrorThrow);","            local.testCase_buildLib_default(options, local.onErrorThrow);","            local.testCase_buildTest_default(options, local.onErrorThrow);","            local.testCase_buildCustomOrg_default(options, local.onErrorThrow);","            options = [];","            local.buildApp(options, onError);","        };","","        local.testCase_buildCustomOrg_default = local.testCase_buildCustomOrg_default ||","            function (options, onError) {","            /*","             * this function will test buildCustomOrg's default handling-behavior","             */","                options = {};","                local.buildCustomOrg(options, onError);","            };","","        local.testCase_buildLib_default = local.testCase_buildLib_default || function (","            options,","            onError","        ) {","        /*","         * this function will test buildLib's default handling-behavior","         */","            options = {};","            local.buildLib(options, onError);","        };","","        local.testCase_buildReadme_default = local.testCase_buildReadme_default || function (","            options,","            onError","        ) {","        /*","         * this function will test buildReadme's default handling-behavior-behavior","         */","            options = {};","            local.buildReadme(options, onError);","        };","","        local.testCase_buildTest_default = local.testCase_buildTest_default || function (","            options,","            onError","        ) {","        /*","         * this function will test buildTest's default handling-behavior","         */","            options = {};","            local.buildTest(options, onError);","        };","","        local.testCase_webpage_default = local.testCase_webpage_default || function (","            options,","            onError","        ) {","        /*","         * this function will test webpage's default handling-behavior","         */","            options = { modeCoverageMerge: true, url: local.serverLocalHost + '?modeTest=1' };","            local.browserTest(options, onError);","        };","","        // run test-server","        local.testRunServer(local);","        break;","    }","}());",""],"l":{"12":2,"14":2,"19":2,"21":2,"23":2,"24":2,"25":2,"30":1,"37":2,"40":2,"43":1,"47":1,"50":1,"52":1,"55":2,"61":2,"62":2,"64":2,"70":1,"76":1,"82":2,"83":2,"85":2,"91":1,"98":1,"102":1,"105":1,"112":1,"119":1,"120":1,"123":1,"130":1,"131":1,"132":1,"133":1,"134":1,"135":1,"138":1,"143":2,"144":2,"147":1,"154":2,"155":2,"158":1,"165":2,"166":2,"169":1,"176":2,"177":2,"180":1,"187":1,"188":1,"192":1,"193":1}},"/home/travis/build/npmtest/node-npmtest-osc/lib.npmtest_osc.js":{"path":"/home/travis/build/npmtest/node-npmtest-osc/lib.npmtest_osc.js","s":{"1":2,"2":2,"3":2,"4":2,"5":2,"6":2,"7":2,"8":1,"9":2,"10":2,"11":2,"12":2,"13":1,"14":1,"15":1,"16":1},"b":{"1":[2,1,1,1],"2":[1,1,1,1],"3":[1,1],"4":[2,2],"5":[1,1]},"f":{"1":2,"2":2,"3":2},"fnMap":{"1":{"name":"(anonymous_1)","line":12,"loc":{"start":{"line":12,"column":1},"end":{"line":12,"column":13}}},"2":{"name":"(anonymous_2)","line":19,"loc":{"start":{"line":19,"column":5},"end":{"line":19,"column":17}}},"3":{"name":"(anonymous_3)","line":23,"loc":{"start":{"line":23,"column":24},"end":{"line":23,"column":36}}}},"statementMap":{"1":{"start":{"line":12,"column":0},"end":{"line":53,"column":5}},"2":{"start":{"line":14,"column":4},"end":{"line":14,"column":14}},"3":{"start":{"line":19,"column":4},"end":{"line":52,"column":9}},"4":{"start":{"line":21,"column":8},"end":{"line":21,"column":19}},"5":{"start":{"line":23,"column":8},"end":{"line":35,"column":13}},"6":{"start":{"line":24,"column":12},"end":{"line":34,"column":13}},"7":{"start":{"line":25,"column":16},"end":{"line":28,"column":30}},"8":{"start":{"line":30,"column":16},"end":{"line":33,"column":27}},"9":{"start":{"line":37,"column":8},"end":{"line":39,"column":21}},"10":{"start":{"line":41,"column":8},"end":{"line":41,"column":54}},"11":{"start":{"line":43,"column":8},"end":{"line":43,"column":48}},"12":{"start":{"line":45,"column":8},"end":{"line":51,"column":9}},"13":{"start":{"line":46,"column":12},"end":{"line":46,"column":54}},"14":{"start":{"line":48,"column":12},"end":{"line":48,"column":35}},"15":{"start":{"line":49,"column":12},"end":{"line":49,"column":49}},"16":{"start":{"line":50,"column":12},"end":{"line":50,"column":43}}},"branchMap":{"1":{"line":25,"type":"binary-expr","locations":[{"start":{"line":25,"column":23},"end":{"line":25,"column":62}},{"start":{"line":26,"column":20},"end":{"line":26,"column":70}},{"start":{"line":27,"column":20},"end":{"line":27,"column":71}},{"start":{"line":28,"column":20},"end":{"line":28,"column":29}}]},"2":{"line":30,"type":"binary-expr","locations":[{"start":{"line":30,"column":23},"end":{"line":30,"column":37}},{"start":{"line":31,"column":20},"end":{"line":31,"column":61}},{"start":{"line":32,"column":20},"end":{"line":32,"column":70}},{"start":{"line":33,"column":20},"end":{"line":33,"column":26}}]},"3":{"line":37,"type":"cond-expr","locations":[{"start":{"line":38,"column":14},"end":{"line":38,"column":20}},{"start":{"line":39,"column":14},"end":{"line":39,"column":20}}]},"4":{"line":41,"type":"binary-expr","locations":[{"start":{"line":41,"column":16},"end":{"line":41,"column":44}},{"start":{"line":41,"column":48},"end":{"line":41,"column":53}}]},"5":{"line":45,"type":"if","locations":[{"start":{"line":45,"column":8},"end":{"line":45,"column":8}},{"start":{"line":45,"column":8},"end":{"line":45,"column":8}}]}},"code":["/* istanbul instrument in package npmtest_osc */","/*jslint","    bitwise: true,","    browser: true,","    maxerr: 8,","    maxlen: 96,","    node: true,","    nomen: true,","    regexp: true,","    stupid: true","*/","(function () {","    'use strict';","    var local;","","","","    // run shared js-env code - init-before","    (function () {","        // init local","        local = {};","        // init modeJs","        local.modeJs = (function () {","            try {","                return typeof navigator.userAgent === 'string' &&","                    typeof document.querySelector('body') === 'object' &&","                    typeof XMLHttpRequest.prototype.open === 'function' &&","                    'browser';","            } catch (errorCaughtBrowser) {","                return module.exports &&","                    typeof process.versions.node === 'string' &&","                    typeof require('http').createServer === 'function' &&","                    'node';","            }","        }());","        // init global","        local.global = local.modeJs === 'browser'","            ? window","            : global;","        // init utility2_rollup","        local = local.global.utility2_rollup || local;","        // init lib","        local.local = local.npmtest_osc = local;","        // init exports","        if (local.modeJs === 'browser') {","            local.global.utility2_npmtest_osc = local;","        } else {","            module.exports = local;","            module.exports.__dirname = __dirname;","            module.exports.module = module;","        }","    }());","}());",""],"l":{"12":2,"14":2,"19":2,"21":2,"23":2,"24":2,"25":2,"30":1,"37":2,"41":2,"43":2,"45":2,"46":1,"48":1,"49":1,"50":1}},"/home/travis/build/npmtest/node-npmtest-osc/example.js":{"path":"/home/travis/build/npmtest/node-npmtest-osc/example.js","s":{"1":2,"2":2,"3":2,"4":2,"5":2,"6":2,"7":2,"8":1,"9":2,"10":2,"11":2,"12":2,"13":1,"14":2,"15":2,"16":2,"17":2,"18":2,"19":0,"20":2,"21":1,"22":1,"23":1,"24":1,"25":1,"26":0,"27":0,"28":1,"29":1,"30":2,"31":0,"32":0,"33":0,"34":1,"35":2,"36":2,"37":3,"38":3,"39":3,"40":3,"41":0,"42":3,"43":3,"44":3,"45":1,"46":3,"47":1,"48":1,"49":1,"50":1,"51":1,"52":1,"53":1,"54":1,"55":1,"56":1,"57":0,"58":1,"59":6,"60":6,"61":1,"62":2,"63":0,"64":2,"65":1,"66":1,"67":0,"68":0,"69":0,"70":0,"71":0,"72":0,"73":0,"74":0,"75":0,"76":0,"77":0,"78":0,"79":0,"80":0,"81":0,"82":0,"83":0},"b":{"1":[2,1,1,1],"2":[1,1,1,1],"3":[1,1],"4":[2,2],"5":[1,1],"6":[1,1],"7":[2,0],"8":[2,1,1,1,1,1],"9":[0,2,0],"10":[1,1],"11":[2,1,1],"12":[1,0],"13":[0,2],"14":[2,0,0,0,0,0,0],"15":[0,3],"16":[3,0],"17":[1,1],"18":[0,1],"19":[1,2,0,2],"20":[1,0],"21":[1,1],"22":[0,0],"23":[0,0],"24":[0,0],"25":[0,0],"26":[0,0],"27":[0,0],"28":[0,0]},"f":{"1":2,"2":2,"3":2,"4":2,"5":2,"6":2,"7":3,"8":3,"9":3,"10":1,"11":6,"12":0},"fnMap":{"1":{"name":"(anonymous_1)","line":26,"loc":{"start":{"line":26,"column":1},"end":{"line":26,"column":13}}},"2":{"name":"(anonymous_2)","line":33,"loc":{"start":{"line":33,"column":5},"end":{"line":33,"column":17}}},"3":{"name":"(anonymous_3)","line":37,"loc":{"start":{"line":37,"column":24},"end":{"line":37,"column":36}}},"4":{"name":"(anonymous_4)","line":69,"loc":{"start":{"line":69,"column":31},"end":{"line":69,"column":48}},"skip":true},"5":{"name":"(anonymous_5)","line":78,"loc":{"start":{"line":78,"column":26},"end":{"line":78,"column":45}},"skip":true},"6":{"name":"(anonymous_6)","line":123,"loc":{"start":{"line":123,"column":33},"end":{"line":123,"column":48}},"skip":true},"7":{"name":"(anonymous_7)","line":125,"loc":{"start":{"line":125,"column":27},"end":{"line":125,"column":39}},"skip":true},"8":{"name":"(anonymous_8)","line":133,"loc":{"start":{"line":133,"column":59},"end":{"line":133,"column":74}},"skip":true},"9":{"name":"(anonymous_9)","line":143,"loc":{"start":{"line":143,"column":45},"end":{"line":143,"column":62}},"skip":true},"10":{"name":"(anonymous_10)","line":144,"loc":{"start":{"line":144,"column":73},"end":{"line":144,"column":92}},"skip":true},"11":{"name":"(anonymous_11)","line":272,"loc":{"start":{"line":272,"column":51},"end":{"line":272,"column":77}},"skip":true},"12":{"name":"(anonymous_12)","line":315,"loc":{"start":{"line":315,"column":32},"end":{"line":315,"column":61}},"skip":true}},"statementMap":{"1":{"start":{"line":26,"column":0},"end":{"line":326,"column":5}},"2":{"start":{"line":28,"column":4},"end":{"line":28,"column":14}},"3":{"start":{"line":33,"column":4},"end":{"line":60,"column":9}},"4":{"start":{"line":35,"column":8},"end":{"line":35,"column":19}},"5":{"start":{"line":37,"column":8},"end":{"line":49,"column":13}},"6":{"start":{"line":38,"column":12},"end":{"line":48,"column":13}},"7":{"start":{"line":39,"column":16},"end":{"line":42,"column":30}},"8":{"start":{"line":44,"column":16},"end":{"line":47,"column":27}},"9":{"start":{"line":51,"column":8},"end":{"line":53,"column":21}},"10":{"start":{"line":55,"column":8},"end":{"line":57,"column":45}},"11":{"start":{"line":59,"column":8},"end":{"line":59,"column":35}},"12":{"start":{"line":61,"column":4},"end":{"line":325,"column":5}},"13":{"start":{"line":69,"column":8},"end":{"line":121,"column":10},"skip":true},"14":{"start":{"line":70,"column":12},"end":{"line":88,"column":13},"skip":true},"15":{"start":{"line":76,"column":16},"end":{"line":87,"column":19},"skip":true},"16":{"start":{"line":79,"column":20},"end":{"line":86,"column":21},"skip":true},"17":{"start":{"line":82,"column":24},"end":{"line":82,"column":43},"skip":true},"18":{"start":{"line":83,"column":24},"end":{"line":83,"column":30},"skip":true},"19":{"start":{"line":85,"column":24},"end":{"line":85,"column":49},"skip":true},"20":{"start":{"line":89,"column":12},"end":{"line":107,"column":13},"skip":true},"21":{"start":{"line":92,"column":16},"end":{"line":102,"column":17},"skip":true},"22":{"start":{"line":93,"column":20},"end":{"line":93,"column":86},"skip":true},"23":{"start":{"line":94,"column":20},"end":{"line":95,"column":45},"skip":true},"24":{"start":{"line":96,"column":20},"end":{"line":96,"column":42},"skip":true},"25":{"start":{"line":97,"column":20},"end":{"line":97,"column":48},"skip":true},"26":{"start":{"line":100,"column":20},"end":{"line":100,"column":85},"skip":true},"27":{"start":{"line":101,"column":20},"end":{"line":101,"column":96},"skip":true},"28":{"start":{"line":103,"column":16},"end":{"line":103,"column":22},"skip":true},"29":{"start":{"line":106,"column":16},"end":{"line":106,"column":22},"skip":true},"30":{"start":{"line":108,"column":12},"end":{"line":120,"column":13},"skip":true},"31":{"start":{"line":114,"column":16},"end":{"line":119,"column":17},"skip":true},"32":{"start":{"line":116,"column":20},"end":{"line":116,"column":78},"skip":true},"33":{"start":{"line":118,"column":20},"end":{"line":118,"column":47},"skip":true},"34":{"start":{"line":123,"column":8},"end":{"line":141,"column":11},"skip":true},"35":{"start":{"line":124,"column":12},"end":{"line":124,"column":54},"skip":true},"36":{"start":{"line":125,"column":12},"end":{"line":140,"column":14},"skip":true},"37":{"start":{"line":126,"column":16},"end":{"line":126,"column":28},"skip":true},"38":{"start":{"line":127,"column":16},"end":{"line":127,"column":69},"skip":true},"39":{"start":{"line":128,"column":16},"end":{"line":128,"column":75},"skip":true},"40":{"start":{"line":129,"column":16},"end":{"line":131,"column":17},"skip":true},"41":{"start":{"line":130,"column":20},"end":{"line":130,"column":27},"skip":true},"42":{"start":{"line":133,"column":16},"end":{"line":137,"column":36},"skip":true},"43":{"start":{"line":134,"column":20},"end":{"line":136,"column":55},"skip":true},"44":{"start":{"line":139,"column":16},"end":{"line":139,"column":57},"skip":true},"45":{"start":{"line":143,"column":8},"end":{"line":147,"column":11},"skip":true},"46":{"start":{"line":144,"column":12},"end":{"line":146,"column":15},"skip":true},"47":{"start":{"line":145,"column":16},"end":{"line":145,"column":70},"skip":true},"48":{"start":{"line":149,"column":8},"end":{"line":149,"column":31},"skip":true},"49":{"start":{"line":150,"column":8},"end":{"line":150,"column":14},"skip":true},"50":{"start":{"line":158,"column":8},"end":{"line":158,"column":31},"skip":true},"51":{"start":{"line":160,"column":8},"end":{"line":160,"column":33},"skip":true},"52":{"start":{"line":161,"column":8},"end":{"line":161,"column":37},"skip":true},"53":{"start":{"line":162,"column":8},"end":{"line":162,"column":35},"skip":true},"54":{"start":{"line":164,"column":8},"end":{"line":164,"column":50},"skip":true},"55":{"start":{"line":166,"column":8},"end":{"line":256,"column":2},"skip":true},"56":{"start":{"line":258,"column":8},"end":{"line":286,"column":9},"skip":true},"57":{"start":{"line":259,"column":12},"end":{"line":269,"column":14},"skip":true},"58":{"start":{"line":271,"column":12},"end":{"line":285,"column":19},"skip":true},"59":{"start":{"line":274,"column":20},"end":{"line":274,"column":35},"skip":true},"60":{"start":{"line":275,"column":20},"end":{"line":284,"column":21},"skip":true},"61":{"start":{"line":277,"column":24},"end":{"line":277,"column":64},"skip":true},"62":{"start":{"line":279,"column":24},"end":{"line":279,"column":40},"skip":true},"63":{"start":{"line":281,"column":24},"end":{"line":281,"column":40},"skip":true},"64":{"start":{"line":283,"column":24},"end":{"line":283,"column":39},"skip":true},"65":{"start":{"line":288,"column":8},"end":{"line":290,"column":9},"skip":true},"66":{"start":{"line":289,"column":12},"end":{"line":289,"column":18},"skip":true},"67":{"start":{"line":291,"column":8},"end":{"line":293,"column":54},"skip":true},"68":{"start":{"line":296,"column":8},"end":{"line":301,"column":37},"skip":true},"69":{"start":{"line":303,"column":8},"end":{"line":303,"column":82},"skip":true},"70":{"start":{"line":306,"column":8},"end":{"line":308,"column":9},"skip":true},"71":{"start":{"line":307,"column":12},"end":{"line":307,"column":82},"skip":true},"72":{"start":{"line":310,"column":8},"end":{"line":312,"column":9},"skip":true},"73":{"start":{"line":311,"column":12},"end":{"line":311,"column":18},"skip":true},"74":{"start":{"line":313,"column":8},"end":{"line":313,"column":54},"skip":true},"75":{"start":{"line":314,"column":8},"end":{"line":314,"column":69},"skip":true},"76":{"start":{"line":315,"column":8},"end":{"line":323,"column":36},"skip":true},"77":{"start":{"line":316,"column":12},"end":{"line":316,"column":61},"skip":true},"78":{"start":{"line":317,"column":12},"end":{"line":320,"column":13},"skip":true},"79":{"start":{"line":318,"column":16},"end":{"line":318,"column":75},"skip":true},"80":{"start":{"line":319,"column":16},"end":{"line":319,"column":23},"skip":true},"81":{"start":{"line":321,"column":12},"end":{"line":321,"column":38},"skip":true},"82":{"start":{"line":322,"column":12},"end":{"line":322,"column":27},"skip":true},"83":{"start":{"line":324,"column":8},"end":{"line":324,"column":14},"skip":true}},"branchMap":{"1":{"line":39,"type":"binary-expr","locations":[{"start":{"line":39,"column":23},"end":{"line":39,"column":62}},{"start":{"line":40,"column":20},"end":{"line":40,"column":70}},{"start":{"line":41,"column":20},"end":{"line":41,"column":71}},{"start":{"line":42,"column":20},"end":{"line":42,"column":29}}]},"2":{"line":44,"type":"binary-expr","locations":[{"start":{"line":44,"column":23},"end":{"line":44,"column":37}},{"start":{"line":45,"column":20},"end":{"line":45,"column":61}},{"start":{"line":46,"column":20},"end":{"line":46,"column":70}},{"start":{"line":47,"column":20},"end":{"line":47,"column":26}}]},"3":{"line":51,"type":"cond-expr","locations":[{"start":{"line":52,"column":14},"end":{"line":52,"column":20}},{"start":{"line":53,"column":14},"end":{"line":53,"column":20}}]},"4":{"line":55,"type":"binary-expr","locations":[{"start":{"line":55,"column":16},"end":{"line":55,"column":44}},{"start":{"line":55,"column":49},"end":{"line":57,"column":43}}]},"5":{"line":55,"type":"cond-expr","locations":[{"start":{"line":56,"column":14},"end":{"line":56,"column":47}},{"start":{"line":57,"column":14},"end":{"line":57,"column":43}}]},"6":{"line":61,"type":"switch","locations":[{"start":{"line":68,"column":4},"end":{"line":150,"column":14},"skip":true},{"start":{"line":156,"column":4},"end":{"line":324,"column":14},"skip":true}]},"7":{"line":70,"type":"if","locations":[{"start":{"line":70,"column":12},"end":{"line":70,"column":12},"skip":true},{"start":{"line":70,"column":12},"end":{"line":70,"column":12},"skip":true}]},"8":{"line":70,"type":"binary-expr","locations":[{"start":{"line":70,"column":16},"end":{"line":70,"column":22},"skip":true},{"start":{"line":70,"column":27},"end":{"line":70,"column":32},"skip":true},{"start":{"line":71,"column":20},"end":{"line":71,"column":39},"skip":true},{"start":{"line":72,"column":20},"end":{"line":72,"column":49},"skip":true},{"start":{"line":73,"column":20},"end":{"line":73,"column":58},"skip":true},{"start":{"line":74,"column":20},"end":{"line":74,"column":69},"skip":true}]},"9":{"line":79,"type":"switch","locations":[{"start":{"line":80,"column":20},"end":{"line":80,"column":33},"skip":true},{"start":{"line":81,"column":20},"end":{"line":83,"column":30},"skip":true},{"start":{"line":84,"column":20},"end":{"line":85,"column":49},"skip":true}]},"10":{"line":89,"type":"switch","locations":[{"start":{"line":90,"column":12},"end":{"line":103,"column":22},"skip":true},{"start":{"line":105,"column":12},"end":{"line":106,"column":22},"skip":true}]},"11":{"line":89,"type":"binary-expr","locations":[{"start":{"line":89,"column":20},"end":{"line":89,"column":25},"skip":true},{"start":{"line":89,"column":29},"end":{"line":89,"column":48},"skip":true},{"start":{"line":89,"column":52},"end":{"line":89,"column":74},"skip":true}]},"12":{"line":92,"type":"if","locations":[{"start":{"line":92,"column":16},"end":{"line":92,"column":16},"skip":true},{"start":{"line":92,"column":16},"end":{"line":92,"column":16},"skip":true}]},"13":{"line":108,"type":"if","locations":[{"start":{"line":108,"column":12},"end":{"line":108,"column":12},"skip":true},{"start":{"line":108,"column":12},"end":{"line":108,"column":12},"skip":true}]},"14":{"line":108,"type":"binary-expr","locations":[{"start":{"line":108,"column":16},"end":{"line":108,"column":61},"skip":true},{"start":{"line":108,"column":66},"end":{"line":108,"column":72},"skip":true},{"start":{"line":108,"column":77},"end":{"line":108,"column":82},"skip":true},{"start":{"line":109,"column":20},"end":{"line":109,"column":39},"skip":true},{"start":{"line":110,"column":20},"end":{"line":110,"column":49},"skip":true},{"start":{"line":111,"column":20},"end":{"line":111,"column":58},"skip":true},{"start":{"line":112,"column":20},"end":{"line":112,"column":68},"skip":true}]},"15":{"line":129,"type":"if","locations":[{"start":{"line":129,"column":16},"end":{"line":129,"column":16},"skip":true},{"start":{"line":129,"column":16},"end":{"line":129,"column":16},"skip":true}]},"16":{"line":134,"type":"cond-expr","locations":[{"start":{"line":135,"column":26},"end":{"line":135,"column":29},"skip":true},{"start":{"line":136,"column":26},"end":{"line":136,"column":54},"skip":true}]},"17":{"line":164,"type":"binary-expr","locations":[{"start":{"line":164,"column":27},"end":{"line":164,"column":43},"skip":true},{"start":{"line":164,"column":47},"end":{"line":164,"column":49},"skip":true}]},"18":{"line":258,"type":"if","locations":[{"start":{"line":258,"column":8},"end":{"line":258,"column":8},"skip":true},{"start":{"line":258,"column":8},"end":{"line":258,"column":8},"skip":true}]},"19":{"line":275,"type":"switch","locations":[{"start":{"line":276,"column":20},"end":{"line":277,"column":64},"skip":true},{"start":{"line":278,"column":20},"end":{"line":279,"column":40},"skip":true},{"start":{"line":280,"column":20},"end":{"line":281,"column":40},"skip":true},{"start":{"line":282,"column":20},"end":{"line":283,"column":39},"skip":true}]},"20":{"line":288,"type":"if","locations":[{"start":{"line":288,"column":8},"end":{"line":288,"column":8},"skip":true},{"start":{"line":288,"column":8},"end":{"line":288,"column":8},"skip":true}]},"21":{"line":288,"type":"binary-expr","locations":[{"start":{"line":288,"column":12},"end":{"line":288,"column":40},"skip":true},{"start":{"line":288,"column":44},"end":{"line":288,"column":67},"skip":true}]},"22":{"line":292,"type":"binary-expr","locations":[{"start":{"line":292,"column":12},"end":{"line":292,"column":50},"skip":true},{"start":{"line":293,"column":12},"end":{"line":293,"column":53},"skip":true}]},"23":{"line":297,"type":"binary-expr","locations":[{"start":{"line":297,"column":12},"end":{"line":297,"column":61},"skip":true},{"start":{"line":298,"column":12},"end":{"line":301,"column":36},"skip":true}]},"24":{"line":303,"type":"binary-expr","locations":[{"start":{"line":303,"column":43},"end":{"line":303,"column":75},"skip":true},{"start":{"line":303,"column":79},"end":{"line":303,"column":81},"skip":true}]},"25":{"line":306,"type":"if","locations":[{"start":{"line":306,"column":8},"end":{"line":306,"column":8},"skip":true},{"start":{"line":306,"column":8},"end":{"line":306,"column":8},"skip":true}]},"26":{"line":310,"type":"if","locations":[{"start":{"line":310,"column":8},"end":{"line":310,"column":8},"skip":true},{"start":{"line":310,"column":8},"end":{"line":310,"column":8},"skip":true}]},"27":{"line":313,"type":"binary-expr","locations":[{"start":{"line":313,"column":27},"end":{"line":313,"column":43},"skip":true},{"start":{"line":313,"column":47},"end":{"line":313,"column":53},"skip":true}]},"28":{"line":317,"type":"if","locations":[{"start":{"line":317,"column":12},"end":{"line":317,"column":12},"skip":true},{"start":{"line":317,"column":12},"end":{"line":317,"column":12},"skip":true}]}},"code":["/*","example.js","","quickstart example","","instruction","    1. save this script as example.js","    2. run the shell command:","        $ npm install npmtest-osc && PORT=8081 node example.js","    3. play with the browser-demo on http://127.0.0.1:8081","*/","","","","/* istanbul instrument in package npmtest_osc */","/*jslint","    bitwise: true,","    browser: true,","    maxerr: 8,","    maxlen: 96,","    node: true,","    nomen: true,","    regexp: true,","    stupid: true","*/","(function () {","    'use strict';","    var local;","","","","    // run shared js-env code - init-before","    (function () {","        // init local","        local = {};","        // init modeJs","        local.modeJs = (function () {","            try {","                return typeof navigator.userAgent === 'string' &&","                    typeof document.querySelector('body') === 'object' &&","                    typeof XMLHttpRequest.prototype.open === 'function' &&","                    'browser';","            } catch (errorCaughtBrowser) {","                return module.exports &&","                    typeof process.versions.node === 'string' &&","                    typeof require('http').createServer === 'function' &&","                    'node';","            }","        }());","        // init global","        local.global = local.modeJs === 'browser'","            ? window","            : global;","        // init utility2_rollup","        local = local.global.utility2_rollup || (local.modeJs === 'browser'","            ? local.global.utility2_npmtest_osc","            : global.utility2_moduleExports);","        // export local","        local.global.local = local;","    }());","    switch (local.modeJs) {","","","","    // init-after","    // run browser js-env code - init-after","    /* istanbul ignore next */","    case 'browser':","        local.testRunBrowser = function (event) {","            if (!event || (event &&","                    event.currentTarget &&","                    event.currentTarget.className &&","                    event.currentTarget.className.includes &&","                    event.currentTarget.className.includes('onreset'))) {","                // reset output","                Array.from(","                    document.querySelectorAll('body > .resettable')","                ).forEach(function (element) {","                    switch (element.tagName) {","                    case 'INPUT':","                    case 'TEXTAREA':","                        element.value = '';","                        break;","                    default:","                        element.textContent = '';","                    }","                });","            }","            switch (event && event.currentTarget && event.currentTarget.id) {","            case 'testRunButton1':","                // show tests","                if (document.querySelector('#testReportDiv1').style.display === 'none') {","                    document.querySelector('#testReportDiv1').style.display = 'block';","                    document.querySelector('#testRunButton1').textContent =","                        'hide internal test';","                    local.modeTest = true;","                    local.testRunDefault(local);","                // hide tests","                } else {","                    document.querySelector('#testReportDiv1').style.display = 'none';","                    document.querySelector('#testRunButton1').textContent = 'run internal test';","                }","                break;","            // custom-case","            default:","                break;","            }","            if (document.querySelector('#inputTextareaEval1') && (!event || (event &&","                    event.currentTarget &&","                    event.currentTarget.className &&","                    event.currentTarget.className.includes &&","                    event.currentTarget.className.includes('oneval')))) {","                // try to eval input-code","                try {","                    /*jslint evil: true*/","                    eval(document.querySelector('#inputTextareaEval1').value);","                } catch (errorCaught) {","                    console.error(errorCaught);","                }","            }","        };","        // log stderr and stdout to #outputTextareaStdout1","        ['error', 'log'].forEach(function (key) {","            console[key + '_original'] = console[key];","            console[key] = function () {","                var element;","                console[key + '_original'].apply(console, arguments);","                element = document.querySelector('#outputTextareaStdout1');","                if (!element) {","                    return;","                }","                // append text to #outputTextareaStdout1","                element.value += Array.from(arguments).map(function (arg) {","                    return typeof arg === 'string'","                        ? arg","                        : JSON.stringify(arg, null, 4);","                }).join(' ') + '\\n';","                // scroll textarea to bottom","                element.scrollTop = element.scrollHeight;","            };","        });","        // init event-handling","        ['change', 'click', 'keyup'].forEach(function (event) {","            Array.from(document.querySelectorAll('.on' + event)).forEach(function (element) {","                element.addEventListener(event, local.testRunBrowser);","            });","        });","        // run tests","        local.testRunBrowser();","        break;","","","","    // run node js-env code - init-after","    /* istanbul ignore next */","    case 'node':","        // export local","        module.exports = local;","        // require modules","        local.fs = require('fs');","        local.http = require('http');","        local.url = require('url');","        // init assets","        local.assetsDict = local.assetsDict || {};","        /* jslint-ignore-begin */","        local.assetsDict['/assets.index.template.html'] = '\\","<!doctype html>\\n\\","<html lang=\"en\">\\n\\","<head>\\n\\","<meta charset=\"UTF-8\">\\n\\","<meta name=\"viewport\" content=\"width=device-width, initial-scale=1\">\\n\\","<title>{{env.npm_package_name}} (v{{env.npm_package_version}})</title>\\n\\","<style>\\n\\","/*csslint\\n\\","    box-sizing: false,\\n\\","    universal-selector: false\\n\\","*/\\n\\","* {\\n\\","    box-sizing: border-box;\\n\\","}\\n\\","body {\\n\\","    background: #dde;\\n\\","    font-family: Arial, Helvetica, sans-serif;\\n\\","    margin: 2rem;\\n\\","}\\n\\","body > * {\\n\\","    margin-bottom: 1rem;\\n\\","}\\n\\",".utility2FooterDiv {\\n\\","    margin-top: 20px;\\n\\","    text-align: center;\\n\\","}\\n\\","</style>\\n\\","<style>\\n\\","/*csslint\\n\\","*/\\n\\","textarea {\\n\\","    font-family: monospace;\\n\\","    height: 10rem;\\n\\","    width: 100%;\\n\\","}\\n\\","textarea[readonly] {\\n\\","    background: #ddd;\\n\\","}\\n\\","</style>\\n\\","</head>\\n\\","<body>\\n\\","<!-- utility2-comment\\n\\","<div id=\"ajaxProgressDiv1\" style=\"background: #d00; height: 2px; left: 0; margin: 0; padding: 0; position: fixed; top: 0; transition: background 0.5s, width 1.5s; width: 25%;\"></div>\\n\\","utility2-comment -->\\n\\","<h1>\\n\\","<!-- utility2-comment\\n\\","    <a\\n\\","        {{#if env.npm_package_homepage}}\\n\\","        href=\"{{env.npm_package_homepage}}\"\\n\\","        {{/if env.npm_package_homepage}}\\n\\","        target=\"_blank\"\\n\\","    >\\n\\","utility2-comment -->\\n\\","        {{env.npm_package_name}} (v{{env.npm_package_version}})\\n\\","<!-- utility2-comment\\n\\","    </a>\\n\\","utility2-comment -->\\n\\","</h1>\\n\\","<h3>{{env.npm_package_description}}</h3>\\n\\","<!-- utility2-comment\\n\\","<h4><a download href=\"assets.app.js\">download standalone app</a></h4>\\n\\","<button class=\"onclick onreset\" id=\"testRunButton1\">run internal test</button><br>\\n\\","<div id=\"testReportDiv1\" style=\"display: none;\"></div>\\n\\","utility2-comment -->\\n\\","\\n\\","\\n\\","\\n\\","<label>stderr and stdout</label>\\n\\","<textarea class=\"resettable\" id=\"outputTextareaStdout1\" readonly></textarea>\\n\\","<!-- utility2-comment\\n\\","{{#if isRollup}}\\n\\","<script src=\"assets.app.js\"></script>\\n\\","{{#unless isRollup}}\\n\\","utility2-comment -->\\n\\","<script src=\"assets.utility2.rollup.js\"></script>\\n\\","<script src=\"jsonp.utility2._stateInit?callback=window.utility2._stateInit\"></script>\\n\\","<script src=\"assets.npmtest_osc.rollup.js\"></script>\\n\\","<script src=\"assets.example.js\"></script>\\n\\","<script src=\"assets.test.js\"></script>\\n\\","<!-- utility2-comment\\n\\","{{/if isRollup}}\\n\\","utility2-comment -->\\n\\","<div class=\"utility2FooterDiv\">\\n\\","    [ this app was created with\\n\\","    <a href=\"https://github.com/kaizhu256/node-utility2\" target=\"_blank\">utility2</a>\\n\\","    ]\\n\\","</div>\\n\\","</body>\\n\\","</html>\\n\\","';","        /* jslint-ignore-end */","        if (local.templateRender) {","            local.assetsDict['/'] = local.templateRender(","                local.assetsDict['/assets.index.template.html'],","                {","                    env: local.objectSetDefault(local.env, {","                        npm_package_description: 'the greatest app in the world!',","                        npm_package_name: 'my-app',","                        npm_package_nameAlias: 'my_app',","                        npm_package_version: '0.0.1'","                    })","                }","            );","        } else {","            local.assetsDict['/'] = local.assetsDict['/assets.index.template.html']","                .replace((/\\{\\{env\\.(\\w+?)\\}\\}/g), function (match0, match1) {","                    // jslint-hack","                    String(match0);","                    switch (match1) {","                    case 'npm_package_description':","                        return 'the greatest app in the world!';","                    case 'npm_package_name':","                        return 'my-app';","                    case 'npm_package_nameAlias':","                        return 'my_app';","                    case 'npm_package_version':","                        return '0.0.1';","                    }","                });","        }","        // run the cli","        if (local.global.utility2_rollup || module !== require.main) {","            break;","        }","        local.assetsDict['/assets.example.js'] =","            local.assetsDict['/assets.example.js'] ||","            local.fs.readFileSync(__filename, 'utf8');","        // bug-workaround - long $npm_package_buildCustomOrg","        /* jslint-ignore-begin */","        local.assetsDict['/assets.npmtest_osc.rollup.js'] =","            local.assetsDict['/assets.npmtest_osc.rollup.js'] ||","            local.fs.readFileSync(","                local.npmtest_osc.__dirname + '/lib.npmtest_osc.js',","                'utf8'","            ).replace((/^#!/), '//');","        /* jslint-ignore-end */","        local.assetsDict['/favicon.ico'] = local.assetsDict['/favicon.ico'] || '';","        // if $npm_config_timeout_exit exists,","        // then exit this process after $npm_config_timeout_exit ms","        if (Number(process.env.npm_config_timeout_exit)) {","            setTimeout(process.exit, Number(process.env.npm_config_timeout_exit));","        }","        // start server","        if (local.global.utility2_serverHttp1) {","            break;","        }","        process.env.PORT = process.env.PORT || '8081';","        console.error('server starting on port ' + process.env.PORT);","        local.http.createServer(function (request, response) {","            request.urlParsed = local.url.parse(request.url);","            if (local.assetsDict[request.urlParsed.pathname] !== undefined) {","                response.end(local.assetsDict[request.urlParsed.pathname]);","                return;","            }","            response.statusCode = 404;","            response.end();","        }).listen(process.env.PORT);","        break;","    }","}());",""],"l":{"26":2,"28":2,"33":2,"35":2,"37":2,"38":2,"39":2,"44":1,"51":2,"55":2,"59":2,"61":2,"69":1,"70":2,"76":2,"79":2,"82":2,"83":2,"85":1,"89":2,"92":1,"93":1,"94":1,"96":1,"97":1,"100":1,"101":1,"103":1,"106":1,"108":2,"114":1,"116":1,"118":1,"123":1,"124":2,"125":2,"126":3,"127":3,"128":3,"129":3,"130":1,"133":3,"134":3,"139":3,"143":1,"144":3,"145":1,"149":1,"150":1,"158":1,"160":1,"161":1,"162":1,"164":1,"166":1,"258":1,"259":1,"271":1,"274":6,"275":6,"277":1,"279":2,"281":1,"283":2,"288":1,"289":1,"291":1,"296":1,"303":1,"306":1,"307":1,"310":1,"311":1,"313":1,"314":1,"315":1,"316":1,"317":1,"318":1,"319":1,"321":1,"322":1,"324":1}},"/home/travis/build/npmtest/node-npmtest-osc/node_modules/osc/src/platforms/osc-node.js":{"path":"/home/travis/build/npmtest/node-npmtest-osc/node_modules/osc/src/platforms/osc-node.js","s":{"1":1,"2":1,"3":1,"4":0,"5":1,"6":1,"7":3,"8":3,"9":1,"10":1,"11":1,"12":1,"13":0,"14":1,"15":3,"16":156,"17":1,"18":1,"19":1,"20":0,"21":0,"22":0,"23":0,"24":0,"25":0,"26":1,"27":1,"28":1,"29":0,"30":0,"31":0,"32":0,"33":0,"34":0,"35":0,"36":0,"37":1,"38":0,"39":0,"40":0,"41":0,"42":0,"43":0,"44":0,"45":0,"46":0,"47":0,"48":1,"49":0,"50":0,"51":0,"52":0,"53":0,"54":0,"55":0,"56":1,"57":0,"58":0,"59":1,"60":0,"61":0,"62":0,"63":0,"64":0,"65":0,"66":0,"67":0,"68":0,"69":1,"70":1,"71":1,"72":0,"73":0,"74":0,"75":0,"76":1,"77":0,"78":0,"79":0,"80":0,"81":0,"82":1,"83":0,"84":0,"85":0,"86":0,"87":0,"88":0,"89":0,"90":0,"91":0,"92":0,"93":1,"94":0,"95":0,"96":0,"97":0,"98":0,"99":0,"100":0,"101":0,"102":0,"103":1,"104":0,"105":0,"106":1,"107":0,"108":0,"109":0,"110":0,"111":0,"112":0,"113":0,"114":0,"115":0,"116":1,"117":0,"118":0,"119":0,"120":0,"121":0,"122":0,"123":0,"124":0,"125":1,"126":1,"127":1,"128":0,"129":0,"130":0,"131":0,"132":0,"133":0,"134":0,"135":1,"136":0,"137":0,"138":0,"139":0,"140":0,"141":0,"142":0,"143":0,"144":0,"145":0,"146":0,"147":1,"148":0,"149":0,"150":0,"151":0,"152":0,"153":0,"154":1,"155":0,"156":1},"b":{"1":[0,1],"2":[1,0],"3":[0,1],"4":[0,0],"5":[0,0],"6":[0,0],"7":[0,0],"8":[0,0],"9":[0,0],"10":[0,0],"11":[0,0],"12":[0,0],"13":[0,0],"14":[0,0],"15":[0,0],"16":[0,0],"17":[0,0],"18":[0,0],"19":[0,0],"20":[0,0],"21":[0,0],"22":[0,0],"23":[0,0],"24":[0,0],"25":[0,0],"26":[0,0],"27":[0,0],"28":[0,0],"29":[0,0],"30":[0,0],"31":[0,0],"32":[0,0],"33":[0,0],"34":[0,0],"35":[0,0],"36":[0,0],"37":[0,0]},"f":{"1":1,"2":1,"3":3,"4":1,"5":3,"6":0,"7":0,"8":0,"9":0,"10":0,"11":0,"12":0,"13":0,"14":0,"15":0,"16":0,"17":0,"18":0,"19":0,"20":0,"21":0,"22":0,"23":0,"24":0,"25":0,"26":0,"27":0,"28":0,"29":0,"30":0,"31":0,"32":0,"33":0,"34":0,"35":0,"36":0},"fnMap":{"1":{"name":"(anonymous_1)","line":13,"loc":{"start":{"line":13,"column":1},"end":{"line":13,"column":13}}},"2":{"name":"(anonymous_2)","line":16,"loc":{"start":{"line":16,"column":25},"end":{"line":16,"column":42}}},"3":{"name":"(anonymous_3)","line":22,"loc":{"start":{"line":22,"column":22},"end":{"line":22,"column":38}}},"4":{"name":"(anonymous_4)","line":30,"loc":{"start":{"line":30,"column":23},"end":{"line":30,"column":50}}},"5":{"name":"(anonymous_5)","line":36,"loc":{"start":{"line":36,"column":24},"end":{"line":36,"column":39}}},"6":{"name":"(anonymous_6)","line":60,"loc":{"start":{"line":60,"column":21},"end":{"line":60,"column":40}}},"7":{"name":"(anonymous_7)","line":74,"loc":{"start":{"line":74,"column":13},"end":{"line":74,"column":25}}},"8":{"name":"(anonymous_8)","line":89,"loc":{"start":{"line":89,"column":29},"end":{"line":89,"column":40}}},"9":{"name":"(anonymous_9)","line":94,"loc":{"start":{"line":94,"column":15},"end":{"line":94,"column":27}}},"10":{"name":"(anonymous_10)","line":97,"loc":{"start":{"line":97,"column":35},"end":{"line":97,"column":51}}},"11":{"name":"(anonymous_11)","line":101,"loc":{"start":{"line":101,"column":36},"end":{"line":101,"column":51}}},"12":{"name":"(anonymous_12)","line":105,"loc":{"start":{"line":105,"column":36},"end":{"line":105,"column":51}}},"13":{"name":"(anonymous_13)","line":116,"loc":{"start":{"line":116,"column":16},"end":{"line":116,"column":35}}},"14":{"name":"(anonymous_14)","line":123,"loc":{"start":{"line":123,"column":39},"end":{"line":123,"column":54}}},"15":{"name":"(anonymous_15)","line":130,"loc":{"start":{"line":130,"column":14},"end":{"line":130,"column":26}}},"16":{"name":"(anonymous_16)","line":141,"loc":{"start":{"line":141,"column":18},"end":{"line":141,"column":37}}},"17":{"name":"(anonymous_17)","line":163,"loc":{"start":{"line":163,"column":13},"end":{"line":163,"column":25}}},"18":{"name":"onBound","line":172,"loc":{"start":{"line":172,"column":8},"end":{"line":172,"column":27}}},"19":{"name":"(anonymous_19)","line":185,"loc":{"start":{"line":185,"column":15},"end":{"line":185,"column":27}}},"20":{"name":"(anonymous_20)","line":191,"loc":{"start":{"line":191,"column":34},"end":{"line":191,"column":56}}},"21":{"name":"(anonymous_21)","line":195,"loc":{"start":{"line":195,"column":32},"end":{"line":195,"column":49}}},"22":{"name":"(anonymous_22)","line":199,"loc":{"start":{"line":199,"column":32},"end":{"line":199,"column":44}}},"23":{"name":"(anonymous_23)","line":206,"loc":{"start":{"line":206,"column":16},"end":{"line":206,"column":50}}},"24":{"name":"(anonymous_24)","line":218,"loc":{"start":{"line":218,"column":60},"end":{"line":218,"column":75}}},"25":{"name":"(anonymous_25)","line":225,"loc":{"start":{"line":225,"column":14},"end":{"line":225,"column":26}}},"26":{"name":"(anonymous_26)","line":231,"loc":{"start":{"line":231,"column":33},"end":{"line":231,"column":49}}},"27":{"name":"(anonymous_27)","line":241,"loc":{"start":{"line":241,"column":53},"end":{"line":241,"column":69}}},"28":{"name":"(anonymous_28)","line":256,"loc":{"start":{"line":256,"column":24},"end":{"line":256,"column":43}}},"29":{"name":"(anonymous_29)","line":274,"loc":{"start":{"line":274,"column":13},"end":{"line":274,"column":38}}},"30":{"name":"(anonymous_30)","line":291,"loc":{"start":{"line":291,"column":15},"end":{"line":291,"column":27}}},"31":{"name":"(anonymous_31)","line":293,"loc":{"start":{"line":293,"column":31},"end":{"line":293,"column":46}}},"32":{"name":"(anonymous_32)","line":297,"loc":{"start":{"line":297,"column":32},"end":{"line":297,"column":47}}},"33":{"name":"(anonymous_33)","line":301,"loc":{"start":{"line":301,"column":32},"end":{"line":301,"column":47}}},"34":{"name":"(anonymous_34)","line":309,"loc":{"start":{"line":309,"column":34},"end":{"line":309,"column":46}}},"35":{"name":"(anonymous_35)","line":314,"loc":{"start":{"line":314,"column":16},"end":{"line":314,"column":35}}},"36":{"name":"(anonymous_36)","line":328,"loc":{"start":{"line":328,"column":14},"end":{"line":328,"column":26}}}},"statementMap":{"1":{"start":{"line":13,"column":0},"end":{"line":334,"column":5}},"2":{"start":{"line":16,"column":4},"end":{"line":28,"column":6}},"3":{"start":{"line":17,"column":8},"end":{"line":19,"column":9}},"4":{"start":{"line":18,"column":12},"end":{"line":18,"column":28}},"5":{"start":{"line":21,"column":8},"end":{"line":21,"column":25}},"6":{"start":{"line":22,"column":8},"end":{"line":25,"column":11}},"7":{"start":{"line":23,"column":12},"end":{"line":23,"column":39}},"8":{"start":{"line":24,"column":12},"end":{"line":24,"column":33}},"9":{"start":{"line":27,"column":8},"end":{"line":27,"column":23}},"10":{"start":{"line":30,"column":4},"end":{"line":43,"column":6}},"11":{"start":{"line":31,"column":8},"end":{"line":31,"column":30}},"12":{"start":{"line":32,"column":8},"end":{"line":34,"column":9}},"13":{"start":{"line":33,"column":12},"end":{"line":33,"column":32}},"14":{"start":{"line":36,"column":8},"end":{"line":40,"column":11}},"15":{"start":{"line":37,"column":12},"end":{"line":39,"column":13}},"16":{"start":{"line":38,"column":16},"end":{"line":38,"column":41}},"17":{"start":{"line":42,"column":8},"end":{"line":42,"column":22}},"18":{"start":{"line":45,"column":4},"end":{"line":54,"column":40}},"19":{"start":{"line":60,"column":4},"end":{"line":69,"column":6}},"20":{"start":{"line":61,"column":8},"end":{"line":61,"column":48}},"21":{"start":{"line":62,"column":8},"end":{"line":62,"column":41}},"22":{"start":{"line":63,"column":8},"end":{"line":63,"column":60}},"23":{"start":{"line":65,"column":8},"end":{"line":65,"column":45}},"24":{"start":{"line":66,"column":8},"end":{"line":68,"column":9}},"25":{"start":{"line":67,"column":12},"end":{"line":67,"column":47}},"26":{"start":{"line":71,"column":4},"end":{"line":71,"column":77}},"27":{"start":{"line":72,"column":4},"end":{"line":72,"column":35}},"28":{"start":{"line":74,"column":4},"end":{"line":92,"column":6}},"29":{"start":{"line":75,"column":8},"end":{"line":80,"column":9}},"30":{"start":{"line":77,"column":12},"end":{"line":77,"column":53}},"31":{"start":{"line":78,"column":12},"end":{"line":78,"column":25}},"32":{"start":{"line":79,"column":12},"end":{"line":79,"column":19}},"33":{"start":{"line":82,"column":8},"end":{"line":82,"column":24}},"34":{"start":{"line":84,"column":8},"end":{"line":87,"column":11}},"35":{"start":{"line":89,"column":8},"end":{"line":91,"column":11}},"36":{"start":{"line":90,"column":12},"end":{"line":90,"column":47}},"37":{"start":{"line":94,"column":4},"end":{"line":114,"column":6}},"38":{"start":{"line":95,"column":8},"end":{"line":95,"column":24}},"39":{"start":{"line":97,"column":8},"end":{"line":99,"column":11}},"40":{"start":{"line":98,"column":12},"end":{"line":98,"column":47}},"41":{"start":{"line":101,"column":8},"end":{"line":103,"column":11}},"42":{"start":{"line":102,"column":12},"end":{"line":102,"column":36}},"43":{"start":{"line":105,"column":8},"end":{"line":111,"column":11}},"44":{"start":{"line":106,"column":12},"end":{"line":110,"column":13}},"45":{"start":{"line":107,"column":16},"end":{"line":107,"column":40}},"46":{"start":{"line":109,"column":16},"end":{"line":109,"column":35}},"47":{"start":{"line":113,"column":8},"end":{"line":113,"column":27}},"48":{"start":{"line":116,"column":4},"end":{"line":128,"column":6}},"49":{"start":{"line":117,"column":8},"end":{"line":120,"column":9}},"50":{"start":{"line":118,"column":12},"end":{"line":118,"column":46}},"51":{"start":{"line":119,"column":12},"end":{"line":119,"column":19}},"52":{"start":{"line":122,"column":8},"end":{"line":122,"column":24}},"53":{"start":{"line":123,"column":8},"end":{"line":127,"column":11}},"54":{"start":{"line":124,"column":12},"end":{"line":126,"column":13}},"55":{"start":{"line":125,"column":16},"end":{"line":125,"column":40}},"56":{"start":{"line":130,"column":4},"end":{"line":134,"column":6}},"57":{"start":{"line":131,"column":8},"end":{"line":133,"column":9}},"58":{"start":{"line":132,"column":12},"end":{"line":132,"column":36}},"59":{"start":{"line":141,"column":4},"end":{"line":158,"column":6}},"60":{"start":{"line":142,"column":8},"end":{"line":142,"column":37}},"61":{"start":{"line":144,"column":8},"end":{"line":144,"column":77}},"62":{"start":{"line":145,"column":8},"end":{"line":146,"column":43}},"63":{"start":{"line":148,"column":8},"end":{"line":148,"column":79}},"64":{"start":{"line":149,"column":8},"end":{"line":150,"column":44}},"65":{"start":{"line":152,"column":8},"end":{"line":152,"column":48}},"66":{"start":{"line":154,"column":8},"end":{"line":154,"column":37}},"67":{"start":{"line":155,"column":8},"end":{"line":157,"column":9}},"68":{"start":{"line":156,"column":12},"end":{"line":156,"column":43}},"69":{"start":{"line":160,"column":4},"end":{"line":160,"column":66}},"70":{"start":{"line":161,"column":4},"end":{"line":161,"column":32}},"71":{"start":{"line":163,"column":4},"end":{"line":183,"column":6}},"72":{"start":{"line":164,"column":8},"end":{"line":164,"column":24}},"73":{"start":{"line":166,"column":8},"end":{"line":168,"column":9}},"74":{"start":{"line":167,"column":12},"end":{"line":167,"column":19}},"75":{"start":{"line":170,"column":8},"end":{"line":170,"column":49}},"76":{"start":{"line":172,"column":8},"end":{"line":180,"column":9}},"77":{"start":{"line":173,"column":12},"end":{"line":173,"column":45}},"78":{"start":{"line":175,"column":12},"end":{"line":177,"column":13}},"79":{"start":{"line":176,"column":16},"end":{"line":176,"column":65}},"80":{"start":{"line":179,"column":12},"end":{"line":179,"column":43}},"81":{"start":{"line":182,"column":8},"end":{"line":182,"column":85}},"82":{"start":{"line":185,"column":4},"end":{"line":204,"column":6}},"83":{"start":{"line":186,"column":8},"end":{"line":188,"column":9}},"84":{"start":{"line":187,"column":12},"end":{"line":187,"column":19}},"85":{"start":{"line":190,"column":8},"end":{"line":190,"column":24}},"86":{"start":{"line":191,"column":8},"end":{"line":193,"column":11}},"87":{"start":{"line":192,"column":12},"end":{"line":192,"column":42}},"88":{"start":{"line":195,"column":8},"end":{"line":197,"column":11}},"89":{"start":{"line":196,"column":12},"end":{"line":196,"column":38}},"90":{"start":{"line":199,"column":8},"end":{"line":201,"column":11}},"91":{"start":{"line":200,"column":12},"end":{"line":200,"column":31}},"92":{"start":{"line":203,"column":8},"end":{"line":203,"column":27}},"93":{"start":{"line":206,"column":4},"end":{"line":223,"column":6}},"94":{"start":{"line":207,"column":8},"end":{"line":210,"column":9}},"95":{"start":{"line":208,"column":12},"end":{"line":208,"column":46}},"96":{"start":{"line":209,"column":12},"end":{"line":209,"column":19}},"97":{"start":{"line":212,"column":8},"end":{"line":213,"column":24}},"98":{"start":{"line":215,"column":8},"end":{"line":215,"column":56}},"99":{"start":{"line":216,"column":8},"end":{"line":216,"column":67}},"100":{"start":{"line":218,"column":8},"end":{"line":222,"column":11}},"101":{"start":{"line":219,"column":12},"end":{"line":221,"column":13}},"102":{"start":{"line":220,"column":16},"end":{"line":220,"column":40}},"103":{"start":{"line":225,"column":4},"end":{"line":229,"column":6}},"104":{"start":{"line":226,"column":8},"end":{"line":228,"column":9}},"105":{"start":{"line":227,"column":12},"end":{"line":227,"column":32}},"106":{"start":{"line":231,"column":4},"end":{"line":249,"column":6}},"107":{"start":{"line":232,"column":8},"end":{"line":234,"column":9}},"108":{"start":{"line":233,"column":12},"end":{"line":233,"column":67}},"109":{"start":{"line":236,"column":8},"end":{"line":248,"column":9}},"110":{"start":{"line":237,"column":12},"end":{"line":239,"column":13}},"111":{"start":{"line":238,"column":16},"end":{"line":238,"column":86}},"112":{"start":{"line":241,"column":12},"end":{"line":247,"column":15}},"113":{"start":{"line":242,"column":16},"end":{"line":246,"column":17}},"114":{"start":{"line":243,"column":18},"end":{"line":243,"column":50}},"115":{"start":{"line":245,"column":18},"end":{"line":245,"column":74}},"116":{"start":{"line":256,"column":4},"end":{"line":269,"column":6}},"117":{"start":{"line":257,"column":8},"end":{"line":257,"column":41}},"118":{"start":{"line":259,"column":8},"end":{"line":259,"column":29}},"119":{"start":{"line":260,"column":8},"end":{"line":260,"column":55}},"120":{"start":{"line":261,"column":8},"end":{"line":261,"column":70}},"121":{"start":{"line":263,"column":8},"end":{"line":263,"column":48}},"122":{"start":{"line":264,"column":8},"end":{"line":264,"column":37}},"123":{"start":{"line":266,"column":8},"end":{"line":268,"column":9}},"124":{"start":{"line":267,"column":12},"end":{"line":267,"column":43}},"125":{"start":{"line":271,"column":4},"end":{"line":271,"column":76}},"126":{"start":{"line":272,"column":4},"end":{"line":272,"column":38}},"127":{"start":{"line":274,"column":4},"end":{"line":289,"column":6}},"128":{"start":{"line":275,"column":8},"end":{"line":275,"column":29}},"129":{"start":{"line":276,"column":8},"end":{"line":276,"column":39}},"130":{"start":{"line":277,"column":8},"end":{"line":277,"column":50}},"131":{"start":{"line":279,"column":8},"end":{"line":286,"column":9}},"132":{"start":{"line":280,"column":12},"end":{"line":283,"column":15}},"133":{"start":{"line":285,"column":12},"end":{"line":285,"column":47}},"134":{"start":{"line":288,"column":8},"end":{"line":288,"column":39}},"135":{"start":{"line":291,"column":4},"end":{"line":312,"column":6}},"136":{"start":{"line":292,"column":8},"end":{"line":292,"column":24}},"137":{"start":{"line":293,"column":8},"end":{"line":295,"column":11}},"138":{"start":{"line":294,"column":12},"end":{"line":294,"column":46}},"139":{"start":{"line":297,"column":8},"end":{"line":299,"column":11}},"140":{"start":{"line":298,"column":12},"end":{"line":298,"column":36}},"141":{"start":{"line":301,"column":8},"end":{"line":307,"column":11}},"142":{"start":{"line":302,"column":12},"end":{"line":306,"column":13}},"143":{"start":{"line":303,"column":16},"end":{"line":303,"column":40}},"144":{"start":{"line":305,"column":16},"end":{"line":305,"column":35}},"145":{"start":{"line":309,"column":8},"end":{"line":311,"column":11}},"146":{"start":{"line":310,"column":12},"end":{"line":310,"column":31}},"147":{"start":{"line":314,"column":4},"end":{"line":326,"column":6}},"148":{"start":{"line":315,"column":8},"end":{"line":317,"column":9}},"149":{"start":{"line":316,"column":12},"end":{"line":316,"column":19}},"150":{"start":{"line":319,"column":8},"end":{"line":319,"column":38}},"151":{"start":{"line":321,"column":8},"end":{"line":325,"column":9}},"152":{"start":{"line":322,"column":12},"end":{"line":322,"column":39}},"153":{"start":{"line":324,"column":12},"end":{"line":324,"column":36}},"154":{"start":{"line":328,"column":4},"end":{"line":330,"column":6}},"155":{"start":{"line":329,"column":8},"end":{"line":329,"column":26}},"156":{"start":{"line":333,"column":4},"end":{"line":333,"column":25}}},"branchMap":{"1":{"line":17,"type":"if","locations":[{"start":{"line":17,"column":8},"end":{"line":17,"column":8}},{"start":{"line":17,"column":8},"end":{"line":17,"column":8}}]},"2":{"line":31,"type":"binary-expr","locations":[{"start":{"line":31,"column":17},"end":{"line":31,"column":23}},{"start":{"line":31,"column":27},"end":{"line":31,"column":29}}]},"3":{"line":32,"type":"if","locations":[{"start":{"line":32,"column":8},"end":{"line":32,"column":8}},{"start":{"line":32,"column":8},"end":{"line":32,"column":8}}]},"4":{"line":63,"type":"binary-expr","locations":[{"start":{"line":63,"column":31},"end":{"line":63,"column":51}},{"start":{"line":63,"column":55},"end":{"line":63,"column":59}}]},"5":{"line":66,"type":"if","locations":[{"start":{"line":66,"column":8},"end":{"line":66,"column":8}},{"start":{"line":66,"column":8},"end":{"line":66,"column":8}}]},"6":{"line":75,"type":"if","locations":[{"start":{"line":75,"column":8},"end":{"line":75,"column":8}},{"start":{"line":75,"column":8},"end":{"line":75,"column":8}}]},"7":{"line":106,"type":"if","locations":[{"start":{"line":106,"column":12},"end":{"line":106,"column":12}},{"start":{"line":106,"column":12},"end":{"line":106,"column":12}}]},"8":{"line":117,"type":"if","locations":[{"start":{"line":117,"column":8},"end":{"line":117,"column":8}},{"start":{"line":117,"column":8},"end":{"line":117,"column":8}}]},"9":{"line":117,"type":"binary-expr","locations":[{"start":{"line":117,"column":12},"end":{"line":117,"column":28}},{"start":{"line":117,"column":32},"end":{"line":117,"column":57}}]},"10":{"line":124,"type":"if","locations":[{"start":{"line":124,"column":12},"end":{"line":124,"column":12}},{"start":{"line":124,"column":12},"end":{"line":124,"column":12}}]},"11":{"line":131,"type":"if","locations":[{"start":{"line":131,"column":8},"end":{"line":131,"column":8}},{"start":{"line":131,"column":8},"end":{"line":131,"column":8}}]},"12":{"line":144,"type":"binary-expr","locations":[{"start":{"line":144,"column":36},"end":{"line":144,"column":61}},{"start":{"line":144,"column":65},"end":{"line":144,"column":76}}]},"13":{"line":145,"type":"cond-expr","locations":[{"start":{"line":146,"column":12},"end":{"line":146,"column":34}},{"start":{"line":146,"column":37},"end":{"line":146,"column":42}}]},"14":{"line":148,"type":"binary-expr","locations":[{"start":{"line":148,"column":37},"end":{"line":148,"column":63}},{"start":{"line":148,"column":67},"end":{"line":148,"column":78}}]},"15":{"line":149,"type":"cond-expr","locations":[{"start":{"line":150,"column":12},"end":{"line":150,"column":35}},{"start":{"line":150,"column":38},"end":{"line":150,"column":43}}]},"16":{"line":155,"type":"if","locations":[{"start":{"line":155,"column":8},"end":{"line":155,"column":8}},{"start":{"line":155,"column":8},"end":{"line":155,"column":8}}]},"17":{"line":166,"type":"if","locations":[{"start":{"line":166,"column":8},"end":{"line":166,"column":8}},{"start":{"line":166,"column":8},"end":{"line":166,"column":8}}]},"18":{"line":175,"type":"if","locations":[{"start":{"line":175,"column":12},"end":{"line":175,"column":12}},{"start":{"line":175,"column":12},"end":{"line":175,"column":12}}]},"19":{"line":186,"type":"if","locations":[{"start":{"line":186,"column":8},"end":{"line":186,"column":8}},{"start":{"line":186,"column":8},"end":{"line":186,"column":8}}]},"20":{"line":207,"type":"if","locations":[{"start":{"line":207,"column":8},"end":{"line":207,"column":8}},{"start":{"line":207,"column":8},"end":{"line":207,"column":8}}]},"21":{"line":212,"type":"cond-expr","locations":[{"start":{"line":212,"column":56},"end":{"line":212,"column":74}},{"start":{"line":212,"column":77},"end":{"line":212,"column":91}}]},"22":{"line":215,"type":"binary-expr","locations":[{"start":{"line":215,"column":18},"end":{"line":215,"column":25}},{"start":{"line":215,"column":29},"end":{"line":215,"column":55}}]},"23":{"line":216,"type":"cond-expr","locations":[{"start":{"line":216,"column":36},"end":{"line":216,"column":40}},{"start":{"line":216,"column":43},"end":{"line":216,"column":66}}]},"24":{"line":219,"type":"if","locations":[{"start":{"line":219,"column":12},"end":{"line":219,"column":12}},{"start":{"line":219,"column":12},"end":{"line":219,"column":12}}]},"25":{"line":226,"type":"if","locations":[{"start":{"line":226,"column":8},"end":{"line":226,"column":8}},{"start":{"line":226,"column":8},"end":{"line":226,"column":8}}]},"26":{"line":232,"type":"if","locations":[{"start":{"line":232,"column":8},"end":{"line":232,"column":8}},{"start":{"line":232,"column":8},"end":{"line":232,"column":8}}]},"27":{"line":236,"type":"if","locations":[{"start":{"line":236,"column":8},"end":{"line":236,"column":8}},{"start":{"line":236,"column":8},"end":{"line":236,"column":8}}]},"28":{"line":237,"type":"if","locations":[{"start":{"line":237,"column":12},"end":{"line":237,"column":12}},{"start":{"line":237,"column":12},"end":{"line":237,"column":12}}]},"29":{"line":242,"type":"if","locations":[{"start":{"line":242,"column":16},"end":{"line":242,"column":16}},{"start":{"line":242,"column":16},"end":{"line":242,"column":16}}]},"30":{"line":260,"type":"binary-expr","locations":[{"start":{"line":260,"column":25},"end":{"line":260,"column":39}},{"start":{"line":260,"column":43},"end":{"line":260,"column":54}}]},"31":{"line":261,"type":"cond-expr","locations":[{"start":{"line":261,"column":50},"end":{"line":261,"column":61}},{"start":{"line":261,"column":64},"end":{"line":261,"column":69}}]},"32":{"line":266,"type":"if","locations":[{"start":{"line":266,"column":8},"end":{"line":266,"column":8}},{"start":{"line":266,"column":8},"end":{"line":266,"column":8}}]},"33":{"line":276,"type":"binary-expr","locations":[{"start":{"line":276,"column":18},"end":{"line":276,"column":25}},{"start":{"line":276,"column":29},"end":{"line":276,"column":38}}]},"34":{"line":277,"type":"cond-expr","locations":[{"start":{"line":277,"column":36},"end":{"line":277,"column":40}},{"start":{"line":277,"column":43},"end":{"line":277,"column":49}}]},"35":{"line":279,"type":"if","locations":[{"start":{"line":279,"column":8},"end":{"line":279,"column":8}},{"start":{"line":279,"column":8},"end":{"line":279,"column":8}}]},"36":{"line":302,"type":"if","locations":[{"start":{"line":302,"column":12},"end":{"line":302,"column":12}},{"start":{"line":302,"column":12},"end":{"line":302,"column":12}}]},"37":{"line":315,"type":"if","locations":[{"start":{"line":315,"column":8},"end":{"line":315,"column":8}},{"start":{"line":315,"column":8},"end":{"line":315,"column":8}}]}},"code":["/*"," * osc.js: An Open Sound Control library for JavaScript that works in both the browser and Node.js"," *"," * Node.js transports for osc.js"," *"," * Copyright 2014-2016, Colin Clark"," * Licensed under the MIT and GPL 3 licenses."," */","","/*global require, module, Buffer*/","/*jshint node:true*/","","(function () {","    \"use strict\";","","    var requireModules = function (paths) {","        if (paths.forEach === undefined) {","            paths = [paths];","        }","","        var modules = [];","        paths.forEach(function (path) {","            var module = require(path);","            modules.push(module);","        });","","        return modules;","    };","","    var shallowMerge = function (target, toMerge) {","        target = target || {};","        if (toMerge.forEach === undefined) {","            toMerge = [toMerge];","        }","","        toMerge.forEach(function (obj) {","            for (var prop in obj) {","                target[prop] = obj[prop];","            }","        });","","        return target;","    };","","    var dgram = require(\"dgram\"),","        SerialPort = require(\"serialport\"),","        net = require(\"net\"),","        WebSocket = require(\"ws\"),","        modules = requireModules([","            \"../osc.js\",","            \"../osc-transports.js\",","            \"./osc-websocket-client.js\"","        ]),","        osc = shallowMerge({}, modules);","","    /**********","     * Serial *","     **********/","","    osc.SerialPort = function (options) {","        this.on(\"open\", this.listen.bind(this));","        osc.SLIPPort.call(this, options);","        this.options.bitrate = this.options.bitrate || 9600;","","        this.serialPort = options.serialPort;","        if (this.serialPort) {","            this.emit(\"open\", this.serialPort);","        }","    };","","    var p = osc.SerialPort.prototype = Object.create(osc.SLIPPort.prototype);","    p.constructor = osc.SerialPort;","","    p.open = function () {","        if (this.serialPort) {","            // If we already have a serial port, close it and open a new one.","            this.once(\"close\", this.open.bind(this));","            this.close();","            return;","        }","","        var that = this;","","        this.serialPort = new SerialPort(this.options.devicePath, {","            baudrate: this.options.bitrate,","            autoOpen: false","        });","","        this.serialPort.open(function() {","            that.emit(\"open\", that.serialPort);","        });","    };","","    p.listen = function () {","        var that = this;","","        this.serialPort.on(\"data\", function (data) {","            that.emit(\"data\", data, undefined);","        });","","        this.serialPort.on(\"error\", function (err) {","            that.emit(\"error\", err);","        });","","        this.serialPort.on(\"close\", function (err) {","            if (err) {","                that.emit(\"error\", err);","            } else {","                that.emit(\"close\");","            }","        });","","        that.emit(\"ready\");","    };","","    p.sendRaw = function (encoded) {","        if (!this.serialPort || !this.serialPort.isOpen()) {","            osc.fireClosedPortSendError(this);","            return;","        }","","        var that = this;","        this.serialPort.write(encoded, function (err) {","            if (err) {","                that.emit(\"error\", err);","            }","        });","    };","","    p.close = function () {","        if (this.serialPort) {","            this.serialPort.close();","        }","    };","","","    /*******","     * UDP *","     *******/","","    osc.UDPPort = function (options) {","        osc.Port.call(this, options);","","        this.options.localAddress = this.options.localAddress || \"127.0.0.1\";","        this.options.localPort = this.options.localPort !== undefined ?","            this.options.localPort : 57121;","","        this.options.remoteAddress = this.options.remoteAddress || \"127.0.0.1\";","        this.options.remotePort = this.options.remotePort !== undefined ?","            this.options.remotePort : 57121;","","        this.on(\"open\", this.listen.bind(this));","","        this.socket = options.socket;","        if (this.socket) {","            this.emit(\"open\", this.socket);","        }","    };","","    p = osc.UDPPort.prototype = Object.create(osc.Port.prototype);","    p.constructor = osc.UDPPort;","","    p.open = function () {","        var that = this;","","        if (this.socket) {","            return;","        }","","        this.socket = dgram.createSocket(\"udp4\");","","        function onBound() {","            osc.UDPPort.setupMulticast(that);","","            if (that.options.broadcast) {","                that.socket.setBroadcast(that.options.broadcast);","            }","","            that.emit(\"open\", that.socket);","        }","","        this.socket.bind(this.options.localPort, this.options.localAddress, onBound);","    };","","    p.listen = function () {","        if (!this.socket) {","            return;","        }","","        var that = this;","        this.socket.on(\"message\", function (msg, rinfo) {","            that.emit(\"data\", msg, rinfo);","        });","","        this.socket.on(\"error\", function (error) {","            that.emit(\"error\", error);","        });","","        this.socket.on(\"close\", function () {","            that.emit(\"close\");","        });","","        that.emit(\"ready\");","    };","","    p.sendRaw = function (encoded, address, port) {","        if (!this.socket) {","            osc.fireClosedPortSendError(this);","            return;","        }","","        var length = encoded.byteLength !== undefined ? encoded.byteLength : encoded.length,","            that = this;","","        address = address || this.options.remoteAddress;","        port = port !== undefined ? port : this.options.remotePort;","","        this.socket.send(encoded, 0, length, port, address, function (err) {","            if (err) {","                that.emit(\"error\", err);","            }","        });","    };","","    p.close = function () {","        if (this.socket) {","            this.socket.close();","        }","    };","","    osc.UDPPort.setupMulticast = function (that) {","        if (that.options.multicastTTL !== undefined) {","            that.socket.setMulticastTTL(that.options.multicastTTL);","        }","","        if (that.options.multicastMembership) {","       
[...]
ne":176,"loc":{"start":{"line":176,"column":42},"end":{"line":176,"column":58}}},"23":{"name":"(anonymous_23)","line":177,"loc":{"start":{"line":177,"column":66},"end":{"line":177,"column":88}}},"24":{"name":"(anonymous_24)","line":188,"loc":{"start":{"line":188,"column":16},"end":{"line":188,"column":50}}},"25":{"name":"(anonymous_25)","line":202,"loc":{"start":{"line":202,"column":78},"end":{"line":202,"column":94}}},"26":{"name":"(anonymous_26)","line":216,"loc":{"start":{"line":216,"column":14},"end":{"line":216,"column":26}}},"27":{"name":"(anonymous_27)","line":219,"loc":{"start":{"line":219,"column":52},"end":{"line":219,"column":64}}}},"statementMap":{"1":{"start":{"line":12,"column":0},"end":{"line":12,"column":20}},"2":{"start":{"line":14,"column":0},"end":{"line":224,"column":5}},"3":{"start":{"line":18,"column":4},"end":{"line":30,"column":6}},"4":{"start":{"line":19,"column":8},"end":{"line":23,"column":11}},"5":{"start":{"line":20,"column":12},"end":{"line":22,"column":13}},"6":{"start":{"line":21,"column":16},"end":{"line":21,"column":45}},"7":{"start":{"line":25,"column":8},"end":{"line":27,"column":11}},"8":{"start":{"line":26,"column":12},"end":{"line":26,"column":36}},"9":{"start":{"line":29,"column":8},"end":{"line":29,"column":27}},"10":{"start":{"line":32,"column":4},"end":{"line":36,"column":6}},"11":{"start":{"line":33,"column":8},"end":{"line":35,"column":24}},"12":{"start":{"line":38,"column":4},"end":{"line":46,"column":6}},"13":{"start":{"line":39,"column":8},"end":{"line":39,"column":48}},"14":{"start":{"line":40,"column":8},"end":{"line":40,"column":41}},"15":{"start":{"line":42,"column":8},"end":{"line":42,"column":54}},"16":{"start":{"line":43,"column":8},"end":{"line":45,"column":9}},"17":{"start":{"line":44,"column":12},"end":{"line":44,"column":49}},"18":{"start":{"line":48,"column":4},"end":{"line":48,"column":77}},"19":{"start":{"line":49,"column":4},"end":{"line":49,"column":35}},"20":{"start":{"line":51,"column":4},"end":{"line":61,"column":6}},"21":{"start":{"line":52,"column":8},"end":{"line":55,"column":14}},"22":{"start":{"line":57,"column":8},"end":{"line":60,"column":11}},"23":{"start":{"line":58,"column":12},"end":{"line":58,"column":50}},"24":{"start":{"line":59,"column":12},"end":{"line":59,"column":36}},"25":{"start":{"line":63,"column":4},"end":{"line":65,"column":6}},"26":{"start":{"line":64,"column":8},"end":{"line":64,"column":67}},"27":{"start":{"line":67,"column":4},"end":{"line":82,"column":6}},"28":{"start":{"line":68,"column":8},"end":{"line":71,"column":9}},"29":{"start":{"line":69,"column":12},"end":{"line":69,"column":46}},"30":{"start":{"line":70,"column":12},"end":{"line":70,"column":19}},"31":{"start":{"line":73,"column":8},"end":{"line":73,"column":24}},"32":{"start":{"line":77,"column":8},"end":{"line":81,"column":11}},"33":{"start":{"line":78,"column":12},"end":{"line":80,"column":13}},"34":{"start":{"line":79,"column":16},"end":{"line":79,"column":77}},"35":{"start":{"line":84,"column":4},"end":{"line":93,"column":6}},"36":{"start":{"line":85,"column":8},"end":{"line":92,"column":9}},"37":{"start":{"line":86,"column":12},"end":{"line":86,"column":28}},"38":{"start":{"line":87,"column":12},"end":{"line":91,"column":15}},"39":{"start":{"line":88,"column":16},"end":{"line":90,"column":17}},"40":{"start":{"line":89,"column":20},"end":{"line":89,"column":39}},"41":{"start":{"line":96,"column":4},"end":{"line":108,"column":6}},"42":{"start":{"line":97,"column":8},"end":{"line":97,"column":37}},"43":{"start":{"line":98,"column":8},"end":{"line":98,"column":29}},"44":{"start":{"line":99,"column":8},"end":{"line":99,"column":55}},"45":{"start":{"line":100,"column":8},"end":{"line":100,"column":70}},"46":{"start":{"line":102,"column":8},"end":{"line":102,"column":48}},"47":{"start":{"line":104,"column":8},"end":{"line":104,"column":35}},"48":{"start":{"line":105,"column":8},"end":{"line":107,"column":9}},"49":{"start":{"line":106,"column":12},"end":{"line":106,"column":33}},"50":{"start":{"line":110,"column":4},"end":{"line":110,"column":66}},"51":{"start":{"line":111,"column":4},"end":{"line":111,"column":32}},"52":{"start":{"line":113,"column":4},"end":{"line":130,"column":6}},"53":{"start":{"line":114,"column":8},"end":{"line":116,"column":9}},"54":{"start":{"line":115,"column":12},"end":{"line":115,"column":19}},"55":{"start":{"line":118,"column":8},"end":{"line":124,"column":24}},"56":{"start":{"line":126,"column":8},"end":{"line":129,"column":11}},"57":{"start":{"line":127,"column":12},"end":{"line":127,"column":42}},"58":{"start":{"line":128,"column":12},"end":{"line":128,"column":30}},"59":{"start":{"line":132,"column":4},"end":{"line":164,"column":6}},"60":{"start":{"line":133,"column":8},"end":{"line":134,"column":29}},"61":{"start":{"line":136,"column":8},"end":{"line":144,"column":9}},"62":{"start":{"line":137,"column":12},"end":{"line":143,"column":15}},"63":{"start":{"line":138,"column":16},"end":{"line":142,"column":17}},"64":{"start":{"line":139,"column":20},"end":{"line":141,"column":41}},"65":{"start":{"line":146,"column":8},"end":{"line":154,"column":9}},"66":{"start":{"line":147,"column":12},"end":{"line":153,"column":15}},"67":{"start":{"line":148,"column":16},"end":{"line":152,"column":17}},"68":{"start":{"line":149,"column":20},"end":{"line":151,"column":59}},"69":{"start":{"line":156,"column":8},"end":{"line":163,"column":11}},"70":{"start":{"line":157,"column":12},"end":{"line":160,"column":13}},"71":{"start":{"line":158,"column":16},"end":{"line":158,"column":55}},"72":{"start":{"line":159,"column":16},"end":{"line":159,"column":23}},"73":{"start":{"line":162,"column":12},"end":{"line":162,"column":42}},"74":{"start":{"line":166,"column":4},"end":{"line":186,"column":6}},"75":{"start":{"line":167,"column":8},"end":{"line":167,"column":29}},"76":{"start":{"line":169,"column":8},"end":{"line":169,"column":68}},"77":{"start":{"line":171,"column":8},"end":{"line":185,"column":9}},"78":{"start":{"line":172,"column":12},"end":{"line":174,"column":13}},"79":{"start":{"line":173,"column":14},"end":{"line":173,"column":62}},"80":{"start":{"line":176,"column":12},"end":{"line":184,"column":15}},"81":{"start":{"line":177,"column":16},"end":{"line":183,"column":19}},"82":{"start":{"line":178,"column":20},"end":{"line":182,"column":21}},"83":{"start":{"line":179,"column":24},"end":{"line":181,"column":68}},"84":{"start":{"line":188,"column":4},"end":{"line":214,"column":6}},"85":{"start":{"line":189,"column":8},"end":{"line":192,"column":9}},"86":{"start":{"line":190,"column":12},"end":{"line":190,"column":46}},"87":{"start":{"line":191,"column":12},"end":{"line":191,"column":19}},"88":{"start":{"line":194,"column":8},"end":{"line":195,"column":24}},"89":{"start":{"line":197,"column":8},"end":{"line":197,"column":45}},"90":{"start":{"line":198,"column":8},"end":{"line":198,"column":56}},"91":{"start":{"line":202,"column":8},"end":{"line":213,"column":11}},"92":{"start":{"line":203,"column":12},"end":{"line":208,"column":13}},"93":{"start":{"line":204,"column":16},"end":{"line":207,"column":60}},"94":{"start":{"line":210,"column":12},"end":{"line":212,"column":13}},"95":{"start":{"line":211,"column":16},"end":{"line":211,"column":60}},"96":{"start":{"line":216,"column":4},"end":{"line":223,"column":6}},"97":{"start":{"line":217,"column":8},"end":{"line":222,"column":9}},"98":{"start":{"line":218,"column":12},"end":{"line":218,"column":28}},"99":{"start":{"line":219,"column":12},"end":{"line":221,"column":15}},"100":{"start":{"line":220,"column":16},"end":{"line":220,"column":35}}},"branchMap":{"1":{"line":12,"type":"binary-expr","locations":[{"start":{"line":12,"column":10},"end":{"line":12,"column":13}},{"start":{"line":12,"column":17},"end":{"line":12,"column":19}}]},"2":{"line":20,"type":"if","locations":[{"start":{"line":20,"column":12},"end":{"line":20,"column":12}},{"start":{"line":20,"column":12},"end":{"line":20,"column":12}}]},"3":{"line":43,"type":"if","locations":[{"start":{"line":43,"column":8},"end":{"line":43,"column":8}},{"start":{"line":43,"column":8},"end":{"line":43,"column":8}}]},"4":{"line":68,"type":"if","locations":[{"start":{"line":68,"column":8},"end":{"line":68,"column":8}},{"start":{"line":68,"column":8},"end":{"line":68,"column":8}}]},"5":{"line":78,"type":"if","locations":[{"start":{"line":78,"column":12},"end":{"line":78,"column":12}},{"start":{"line":78,"column":12},"end":{"line":78,"column":12}}]},"6":{"line":85,"type":"if","locations":[{"start":{"line":85,"column":8},"end":{"line":85,"column":8}},{"start":{"line":85,"column":8},"end":{"line":85,"column":8}}]},"7":{"line":88,"type":"if","locations":[{"start":{"line":88,"column":16},"end":{"line":88,"column":16}},{"start":{"line":88,"column":16},"end":{"line":88,"column":16}}]},"8":{"line":99,"type":"binary-expr","locations":[{"start":{"line":99,"column":25},"end":{"line":99,"column":39}},{"start":{"line":99,"column":43},"end":{"line":99,"column":54}}]},"9":{"line":100,"type":"cond-expr","locations":[{"start":{"line":100,"column":50},"end":{"line":100,"column":61}},{"start":{"line":100,"column":64},"end":{"line":100,"column":69}}]},"10":{"line":105,"type":"if","locations":[{"start":{"line":105,"column":8},"end":{"line":105,"column":8}},{"start":{"line":105,"column":8},"end":{"line":105,"column":8}}]},"11":{"line":114,"type":"if","locations":[{"start":{"line":114,"column":8},"end":{"line":114,"column":8}},{"start":{"line":114,"column":8},"end":{"line":114,"column":8}}]},"12":{"line":136,"type":"if","locations":[{"start":{"line":136,"column":8},"end":{"line":136,"column":8}},{"start":{"line":136,"column":8},"end":{"line":136,"column":8}}]},"13":{"line":138,"type":"if","locations":[{"start":{"line":138,"column":16},"end":{"line":138,"column":16}},{"start":{"line":138,"column":16},"end":{"line":138,"column":16}}]},"14":{"line":146,"type":"if","locations":[{"start":{"line":146,"column":8},"end":{"line":146,"column":8}},{"start":{"line":146,"column":8},"end":{"line":146,"column":8}}]},"15":{"line":148,"type":"if","locations":[{"start":{"line":148,"column":16},"end":{"line":148,"column":16}},{"start":{"line":148,"column":16},"end":{"line":148,"column":16}}]},"16":{"line":157,"type":"if","locations":[{"start":{"line":157,"column":12},"end":{"line":157,"column":12}},{"start":{"line":157,"column":12},"end":{"line":157,"column":12}}]},"17":{"line":171,"type":"if","locations":[{"start":{"line":171,"column":8},"end":{"line":171,"column":8}},{"start":{"line":171,"column":8},"end":{"line":171,"column":8}}]},"18":{"line":172,"type":"if","locations":[{"start":{"line":172,"column":12},"end":{"line":172,"column":12}},{"start":{"line":172,"column":12},"end":{"line":172,"column":12}}]},"19":{"line":178,"type":"if","locations":[{"start":{"line":178,"column":20},"end":{"line":178,"column":20}},{"start":{"line":178,"column":20},"end":{"line":178,"column":20}}]},"20":{"line":189,"type":"if","locations":[{"start":{"line":189,"column":8},"end":{"line":189,"column":8}},{"start":{"line":189,"column":8},"end":{"line":189,"column":8}}]},"21":{"line":197,"type":"binary-expr","locations":[{"start":{"line":197,"column":18},"end":{"line":197,"column":25}},{"start":{"line":197,"column":29},"end":{"line":197,"column":44}}]},"22":{"line":198,"type":"cond-expr","locations":[{"start":{"line":198,"column":36},"end":{"line":198,"column":40}},{"start":{"line":198,"column":43},"end":{"line":198,"column":55}}]},"23":{"line":203,"type":"if","locations":[{"start":{"line":203,"column":12},"end":{"line":203,"column":12}},{"start":{"line":203,"column":12},"end":{"line":203,"column":12}}]},"24":{"line":210,"type":"if","locations":[{"start":{"line":210,"column":12},"end":{"line":210,"column":12}},{"start":{"line":210,"column":12},"end":{"line":210,"column":12}}]},"25":{"line":217,"type":"if","locations":[{"start":{"line":217,"column":8},"end":{"line":217,"column":8}},{"start":{"line":217,"column":8},"end":{"line":217,"column":8}}]}},"code":["/*"," * osc.js: An Open Sound Control library for JavaScript that works in both the browser and Node.js"," *"," * Chrome App transports for osc.js"," *"," * Copyright 2014-2016, Colin Clark"," * Licensed under the MIT and GPL 3 licenses."," */","","/*global chrome*/","","var osc = osc || {};","","(function () {","","    \"use strict\";","","    osc.listenToTransport = function (that, transport, idName) {","        transport.onReceive.addListener(function (e) {","            if (e[idName] === that[idName]) {","                that.emit(\"data\", e.data, e);","            }","        });","","        transport.onReceiveError.addListener(function (err) {","            that.emit(\"error\", err);","        });","","        that.emit(\"ready\");","    };","","    osc.emitNetworkError = function (that, resultCode) {","        that.emit(\"error\",","            \"There was an error while opening the UDP socket connection. Result code: \" +","            resultCode);","    };","","    osc.SerialPort = function (options) {","        this.on(\"open\", this.listen.bind(this));","        osc.SLIPPort.call(this, options);","","        this.connectionId = this.options.connectionId;","        if (this.connectionId) {","            this.emit(\"open\", this.connectionId);","        }","    };","","    var p = osc.SerialPort.prototype = Object.create(osc.SLIPPort.prototype);","    p.constructor = osc.SerialPort;","","    p.open = function () {","        var that = this,","            connectionOpts = {","                bitrate: that.options.bitrate","            };","","        chrome.serial.connect(this.options.devicePath, connectionOpts, function (info) {","            that.connectionId = info.connectionId;","            that.emit(\"open\", info);","        });","    };","","    p.listen = function () {","        osc.listenToTransport(this, chrome.serial, \"connectionId\");","    };","","    p.sendRaw = function (encoded) {","        if (!this.connectionId) {","            osc.fireClosedPortSendError(this);","            return;","        }","","        var that = this;","","        // TODO gh-39: This is unsafe; we should only access the underlying","        // buffer within the range of its view.","        chrome.serial.send(this.connectionId, encoded.buffer, function (bytesSent, err) {","            if (err) {","                that.emit(\"error\", err + \". Total bytes sent: \" + bytesSent);","            }","        });","    };","","    p.close = function () {","        if (this.connectionId) {","            var that = this;","            chrome.serial.disconnect(this.connectionId, function (result) {","                if (result) {","                    that.emit(\"close\");","                }","            });","        }","    };","","","    osc.UDPPort = function (options) {","        osc.Port.call(this, options);","        var o = this.options;","        o.localAddress = o.localAddress || \"127.0.0.1\";","        o.localPort = o.localPort !== undefined ? o.localPort : 57121;","","        this.on(\"open\", this.listen.bind(this));","","        this.socketId = o.socketId;","        if (this.socketId) {","            this.emit(\"open\", 0);","        }","    };","","    p = osc.UDPPort.prototype = Object.create(osc.Port.prototype);","    p.constructor = osc.UDPPort;","","    p.open = function () {","        if (this.socketId) {","            return;","        }","","        var o = this.options,","            props = {","                persistent: o.persistent,","                name: o.name,","                bufferSize: o.bufferSize","            },","            that = this;","","        chrome.sockets.udp.create(props, function (info) {","            that.socketId = info.socketId;","            that.bindSocket();","        });","    };","","    p.bindSocket = function () {","        var that = this,","            o = this.options;","","        if (o.broadcast !== undefined) {","            chrome.sockets.udp.setBroadcast(this.socketId, o.broadcast, function (resultCode) {","                if (resultCode < 0) {","                    that.emit(\"error\",","                        new Error(\"An error occurred while setting the socket's broadcast flag. Result code: \" +","                            resultCode));","                }","            });","        }","","        if (o.multicastTTL !== undefined) {","            chrome.sockets.udp.setMulticastTimeToLive(this.socketId, o.multicastTTL, function (resultCode) {","                if (resultCode < 0) {","                    that.emit(\"error\",","                        new Error(\"An error occurred while setting the socket's multicast time to live flag. \" +","                            \"Result code: \" + resultCode));","                }","            });","        }","","        chrome.sockets.udp.bind(this.socketId, o.localAddress, o.localPort, function (resultCode) {","            if (resultCode > 0) {","                osc.emitNetworkError(that, resultCode);","                return;","            }","","            that.emit(\"open\", resultCode);","        });","    };","","    p.listen = function () {","        var o = this.options;","","        osc.listenToTransport(this, chrome.sockets.udp, \"socketId\");","","        if (o.multicastMembership) {","            if (typeof o.multicastMembership === \"string\") {","              o.multicastMembership = [o.multicastMembership];","            }","","            o.multicastMembership.forEach(function (addr) {","                chrome.sockets.udp.joinGroup(this.socketId, addr, function (resultCode) {","                    if (resultCode < 0) {","                        this.emit(\"error\", new Error(","                            \"There was an error while trying to join the multicast group \" +","                            addr + \". Result code: \" + resultCode));","                    }","                });","            });","        }","    };","","    p.sendRaw = function (encoded, address, port) {","        if (!this.socketId) {","            osc.fireClosedPortSendError(this);","            return;","        }","","        var o = this.options,","            that = this;","","        address = address || o.remoteAddress;","        port = port !== undefined ? port : o.remotePort;","","        // TODO gh-39: This is unsafe; we should only access the underlying","        // buffer within the range of its view.","        chrome.sockets.udp.send(this.socketId, encoded.buffer, address, port, function (info) {","            if (!info) {","                that.emit(\"error\",","                    \"There was an unknown error while trying to send a UDP message. \" +","                    \"Have you declared the appropriate udp send permissions \" +","                    \"in your application's manifest file?\");","            }","","            if (info.resultCode > 0) {","                osc.emitNetworkError(that, info.resultCode);","            }","        });","    };","","    p.close = function () {","        if (this.socketId) {","            var that = this;","            chrome.sockets.udp.close(this.socketId, function () {","                that.emit(\"close\");","            });","        }","    };","}());",""],"l":{"12":2,"14":2,"18":2,"19":0,"20":0,"21":0,"25":0,"26":0,"29":0,"32":2,"33":0,"38":2,"39":0,"40":0,"42":0,"43":0,"44":0,"48":2,"49":0,"51":0,"52":0,"57":0,"58":0,"59":0,"63":0,"64":0,"67":0,"68":0,"69":0,"70":0,"73":0,"77":0,"78":0,"79":0,"84":0,"85":0,"86":0,"87":0,"88":0,"89":0,"96":0,"97":0,"98":0,"99":0,"100":0,"102":0,"104":0,"105":0,"106":0,"110":0,"111":0,"113":0,"114":0,"115":0,"118":0,"126":0,"127":0,"128":0,"132":0,"133":0,"136":0,"137":0,"138":0,"139":0,"146":0,"147":0,"148":0,"149":0,"156":0,"157":0,"158":0,"159":0,"162":0,"166":0,"167":0,"169":0,"171":0,"172":0,"173":0,"176":0,"177":0,"178":0,"179":0,"188":0,"189":0,"190":0,"191":0,"194":0,"197":0,"198":0,"202":0,"203":0,"204":0,"210":0,"211":0,"216":0,"217":0,"218":0,"219":0,"220":0}}}